#
# A fatal error has been detected by the Java Runtime Environment:
#
#  EXCEPTION_ACCESS_VIOLATION (0xc0000005) at pc=0x0000000000000000, pid=7284, tid=5228
#
# JRE version: OpenJDK Runtime Environment (20.0.2+9) (build 20.0.2+9-78)
# Java VM: OpenJDK 64-Bit Server VM (20.0.2+9-78, mixed mode, sharing, tiered, compressed oops, compressed class ptrs, g1 gc, windows-amd64)
# Problematic frame:
# C  [skiko-windows-x64.dll+0x17f78d]
#
# No core dump will be written. Minidumps are not enabled by default on client versions of Windows
#
# If you would like to submit a bug report, please visit:
#   https://bugreport.java.com/bugreport/crash.jsp
# The crash happened outside the Java Virtual Machine in native code.
# See problematic frame for where to report the bug.
#

---------------  S U M M A R Y ------------

Command Line: -javaagent:C:\Users\GAMING\AppData\Local\JetBrains\Toolbox\apps\IDEA-C\ch-0\232.9559.62\lib\idea_rt.jar=50005:C:\Users\GAMING\AppData\Local\JetBrains\Toolbox\apps\IDEA-C\ch-0\232.9559.62\bin -Dfile.encoding=UTF-8 -Dsun.stdout.encoding=UTF-8 -Dsun.stderr.encoding=UTF-8 MainKt

Host: AMD Ryzen 5 5600H with Radeon Graphics         , 12 cores, 5G,  Windows 11 , 64 bit Build 22621 (10.0.22621.2506)
Time: Mon Dec 25 19:39:14 2023 RTZ 2 (s 11 , 64 bit Build 22621 (10.0.22621.2506) elapsed time: 1.173102 seconds (0d 0h 0m 1s)

---------------  T H R E A D  ---------------

Current thread (0x00000231fef4bb00):  JavaThread "DefaultDispatcher-worker-1" daemon [_thread_in_native, id=5228, stack(0x000000ca0c100000,0x000000ca0c200000)]

Stack: [0x000000ca0c100000,0x000000ca0c200000],  sp=0x000000ca0c1fe930,  free space=1018k
Native frames: (J=compiled Java code, j=interpreted, Vv=VM code, C=native code)

Java frames: (J=compiled Java code, j=interpreted, Vv=VM code)
j  org.jetbrains.skia.CanvasKt._nDrawRect(JFFFFJ)V+0
j  org.jetbrains.skia.CanvasKt.access$_nDrawRect(JFFFFJ)V+9
j  org.jetbrains.skia.Canvas.drawRect(Lorg/jetbrains/skia/Rect;Lorg/jetbrains/skia/Paint;)Lorg/jetbrains/skia/Canvas;+46
j  androidx.compose.ui.graphics.SkiaBackedCanvas.drawRect(FFFFLandroidx/compose/ui/graphics/Paint;)V+28
j  androidx.compose.ui.graphics.drawscope.CanvasDrawScope.drawRect-n-J9OG0(JJJFLandroidx/compose/ui/graphics/drawscope/DrawStyle;Landroidx/compose/ui/graphics/ColorFilter;I)V+59
j  androidx.compose.ui.node.LayoutNodeDrawScope.drawRect-n-J9OG0(JJJFLandroidx/compose/ui/graphics/drawscope/DrawStyle;Landroidx/compose/ui/graphics/ColorFilter;I)V+23
j  androidx.compose.ui.graphics.drawscope.DrawScope.drawRect-n-J9OG0$default(Landroidx/compose/ui/graphics/drawscope/DrawScope;JJJFLandroidx/compose/ui/graphics/drawscope/DrawStyle;Landroidx/compose/ui/graphics/ColorFilter;IILjava/lang/Object;)V+116
j  MainKt$drawJuliaSet$1$1.invokeSuspend(Ljava/lang/Object;)Ljava/lang/Object;+81
j  kotlin.coroutines.jvm.internal.BaseContinuationImpl.resumeWith(Ljava/lang/Object;)V+44
j  kotlinx.coroutines.DispatchedTask.run()V+314
j  kotlinx.coroutines.scheduling.CoroutineScheduler.runSafely(Lkotlinx/coroutines/scheduling/Task;)V+2
j  kotlinx.coroutines.scheduling.CoroutineScheduler$Worker.executeTask(Lkotlinx/coroutines/scheduling/Task;)V+30
j  kotlinx.coroutines.scheduling.CoroutineScheduler$Worker.runWorker()V+44
j  kotlinx.coroutines.scheduling.CoroutineScheduler$Worker.run()V+1
v  ~StubRoutines::call_stub 0x000002318753100d

siginfo: EXCEPTION_ACCESS_VIOLATION (0xc0000005), data execution prevention violation at address 0x0000000000000000


Registers:
RAX=0x00000231d4ae3070, RBX=0x00007ffeca93e210, RCX=0x00000231d494c260, RDX=0x000000ca0c1fe9a0
RSP=0x000000ca0c1fe928, RBP=0x00000231d4964eb0, RSI=0x00000231d494c260, RDI=0x000000ca0c1fea08
R8 =0x00000231d4964eb0, R9 =0x000000ca0c1fea0c, R10=0x000000ca0c1fea0c, R11=0x00000000a73cb370
R12=0x0000000000000000, R13=0x00000231fb152178, R14=0x0000000000000000, R15=0x00000231fef4bb00
RIP=0x0000000000000000, EFLAGS=0x0000000000010202


Register to memory mapping:

RIP=0x0 is NULL
RAX=0x00000231d4ae3070 points into unknown readable memory: 0x00000231d46ddca0 | a0 dc 6d d4 31 02 00 00
RBX=0x00007ffeca93e210 skiko-windows-x64.dll
RCX=0x00000231d494c260 points into unknown readable memory: 0x00000231d43c82e0 | e0 82 3c d4 31 02 00 00
RDX=0x000000ca0c1fe9a0 is pointing into the stack for thread: 0x00000231fef4bb00
RSP=0x000000ca0c1fe928 is pointing into the stack for thread: 0x00000231fef4bb00
RBP=0x00000231d4964eb0 points into unknown readable memory: 0x0000000000000000 | 00 00 00 00 00 00 00 00
RSI=0x00000231d494c260 points into unknown readable memory: 0x00000231d43c82e0 | e0 82 3c d4 31 02 00 00
RDI=0x000000ca0c1fea08 is pointing into the stack for thread: 0x00000231fef4bb00
R8 =0x00000231d4964eb0 points into unknown readable memory: 0x0000000000000000 | 00 00 00 00 00 00 00 00
R9 =0x000000ca0c1fea0c is pointing into the stack for thread: 0x00000231fef4bb00
R10=0x000000ca0c1fea0c is pointing into the stack for thread: 0x00000231fef4bb00
R11=0x00000000a73cb370 is an oop: java.lang.Class 
{0x00000000a73cb370} - klass: 'java/lang/Class'
 - ---- fields (total size 14 words):
 - private volatile transient 'classRedefinedCount' 'I' @12  0 (0x00000000)
 - abstract internal 'klass' 'J' @16  2411894279440 (0x00000231901a0d10)
 - abstract internal 'array_klass' 'J' @24  0 (0x0000000000000000)
 - abstract internal 'oop_size' 'I' @32  14 (0x0000000e)
 - abstract internal 'static_oop_field_count' 'I' @36  0 (0x00000000)
 - private volatile transient 'cachedConstructor' 'Ljava/lang/reflect/Constructor;' @40  NULL (0x00000000)
 - private transient 'name' 'Ljava/lang/String;' @44  "org.jetbrains.skia.CanvasKt"{0x00000000a73cb3e0} (0xa73cb3e0)
 - private transient 'module' 'Ljava/lang/Module;' @48  a 'java/lang/Module'{0x00000000a6a43f90} (0xa6a43f90)
 - private final 'classLoader' 'Ljava/lang/ClassLoader;' @52  a 'jdk/internal/loader/ClassLoaders$AppClassLoader'{0x00000000a6a00308} (0xa6a00308)
 - private transient 'classData' 'Ljava/lang/Object;' @56  NULL (0x00000000)
 - private transient 'packageName' 'Ljava/lang/String;' @60  "org.jetbrains.skia"{0x00000000a6950da8} (0xa6950da8)
 - private final 'componentType' 'Ljava/lang/Class;' @64  NULL (0x00000000)
 - private volatile transient 'reflectionData' 'Ljava/lang/ref/SoftReference;' @68  NULL (0x00000000)
 - private volatile transient 'genericInfo' 'Lsun/reflect/generics/repository/ClassRepository;' @72  NULL (0x00000000)
 - private volatile transient 'enumConstants' '[Ljava/lang/Object;' @76  NULL (0x00000000)
 - private volatile transient 'enumConstantDirectory' 'Ljava/util/Map;' @80  NULL (0x00000000)
 - private volatile transient 'annotationData' 'Ljava/lang/Class$AnnotationData;' @84  NULL (0x00000000)
 - private volatile transient 'annotationType' 'Lsun/reflect/annotation/AnnotationType;' @88  NULL (0x00000000)
 - transient 'classValueMap' 'Ljava/lang/ClassValue$ClassValueMap;' @92  NULL (0x00000000)
 - abstract internal 'protection_domain' 'Ljava/lang/Object;' @96  a 'java/security/ProtectionDomain'{0x00000000a6a003b0} (0xa6a003b0)
 - abstract internal 'signers_name' 'Ljava/lang/Object;' @100  NULL (0x00000000)
 - abstract internal 'source_file' 'Ljava/lang/Object;' @104  NULL (0x00000000)
 - signature: Lorg/jetbrains/skia/CanvasKt;
 - ---- static fields (0):
R12=0x0 is NULL
R13={method} {0x00000231fb152180} '_nDrawRect' '(JFFFFJ)V' in 'org/jetbrains/skia/CanvasKt'
R14=0x0 is NULL
R15=0x00000231fef4bb00 is a thread


Top of Stack: (sp=0x000000ca0c1fe928)
0x000000ca0c1fe928:   00007ffec9b2f78d 00000231fb033428
0x000000ca0c1fe938:   0000000000000000 000000ca0c1fe968
0x000000ca0c1fe948:   000000ca0c1fe9c8 000002318754de8a
0x000000ca0c1fe958:   00000000a78e6fc0 000002318754f897
0x000000ca0c1fe968:   00000000ffffffff 000000ca0c1fe9d8
0x000000ca0c1fe978:   000002318754de8a 0000000000000000
0x000000ca0c1fe988:   00000000a711dde0 000000ca0c1fe990
0x000000ca0c1fe998:   00000231fb03bd19 3f80000000000000
0x000000ca0c1fe9a8:   400000003f800000 000076c505f5dda1
0x000000ca0c1fe9b8:   00000000a78fad88 000000ca0c1feb38
0x000000ca0c1fe9c8:   00000000000012d0 0000000000000110
0x000000ca0c1fe9d8:   00007ffec9a00495 000002318754de8a
0x000000ca0c1fe9e8:   00000231fb152178 000000ca0c1fe9f0
0x000000ca0c1fe9f8:   000000ca0c1feae0 3f80000000000000
0x000000ca0c1fea08:   400000003f800000 000076c505f5dd71
0x000000ca0c1fea18:   00000000a78e0018 00000231fb02f0a8
0x000000ca0c1fea28:   0000023187551ff3 000000ca0c1fea50
0x000000ca0c1fea38:   000000ca0c1feaa8 000002318754de8a
0x000000ca0c1fea48:   0000000000000000 000000003f800000
0x000000ca0c1fea58:   000000003f800000 000000ca40000000
0x000000ca0c1fea68:   00000231d4964eb0 000000ca0c1feac8
0x000000ca0c1fea78:   00000231fb02c738 0000000000000000
0x000000ca0c1fea88:   00000000a78d05b8 00000231fb02ad90
0x000000ca0c1fea98:   000000ca0c1fea98 0000000000000000
0x000000ca0c1feaa8:   000000ca0c1feb38 00000231fb155928
0x000000ca0c1feab8:   0000000000000000 00000000a73cb370
0x000000ca0c1feac8:   00000231fb152178 0000000000000000
0x000000ca0c1fead8:   000000ca0c1feb00 000000ca0c1feb88
0x000000ca0c1feae8:   000002318754de8a 00000000a73cb370
0x000000ca0c1feaf8:   000002318754f897 00000231d4964eb0
0x000000ca0c1feb08:   0000000000000000 0000000040000000
0x000000ca0c1feb18:   000002313f800000 000000003f800000 

Instructions: (pc=0x00007ffec9b2f78d)
0x00007ffec9b2f68d:   4c e6 e8 ff 48 8b c8 48 8d 15 0d 3a be 00 48 8b
0x00007ffec9b2f69d:   00 ff 50 08 48 8b d8 48 89 05 65 e4 e0 00 45 33
0x00007ffec9b2f6ad:   f6 4c 89 74 24 50 f6 03 05 74 58 e8 20 e6 e8 ff
0x00007ffec9b2f6bd:   44 88 74 24 48 4c 8b c3 4c 89 74 24 40 b2 58 4c
0x00007ffec9b2f6cd:   89 74 24 38 48 8b 08 4c 89 74 24 30 44 89 74 24
0x00007ffec9b2f6dd:   28 4c 89 74 24 20 4c 8d 35 a6 3b be 00 4c 8b 51
0x00007ffec9b2f6ed:   18 4d 8b ce 48 8b c8 41 ff d2 48 89 44 24 68 48
0x00007ffec9b2f6fd:   8d 44 24 58 48 89 44 24 50 48 89 5c 24 58 4c 89
0x00007ffec9b2f70d:   74 24 60 f3 0f 10 0f 4c 8d 57 0c f3 0f 10 47 04
0x00007ffec9b2f71d:   48 8d 57 08 f3 0f 10 22 4c 8d 4f 04 f3 41 0f 10
0x00007ffec9b2f72d:   1a 48 8b c7 0f 2f cc 4c 8b c5 48 8b ce 48 0f 47
0x00007ffec9b2f73d:   c2 0f 2f c3 f3 0f 10 28 49 8b c1 f3 0f 11 6c 24
0x00007ffec9b2f74d:   70 49 0f 47 c2 0f 2f e1 f3 0f 10 10 48 8b 06 48
0x00007ffec9b2f75d:   0f 47 fa f3 0f 11 54 24 74 0f 2f d8 48 8d 54 24
0x00007ffec9b2f76d:   70 f3 0f 10 0f f3 0f 11 4c 24 78 4d 0f 47 ca f3
0x00007ffec9b2f77d:   41 0f 10 01 f3 0f 11 44 24 7c ff 90 b8 00 00 00
0x00007ffec9b2f78d:   48 83 7c 24 50 00 74 28 48 8b 44 24 58 80 38 00
0x00007ffec9b2f79d:   74 1e e8 39 e5 e8 ff 4c 8b 4c 24 68 48 8b c8 4c
0x00007ffec9b2f7ad:   8b 44 24 60 48 8b 54 24 58 4c 8b 10 41 ff 52 20
0x00007ffec9b2f7bd:   48 8b 8c 24 80 00 00 00 48 33 cc e8 4c 3a e9 ff
0x00007ffec9b2f7cd:   4c 8d 9c 24 90 00 00 00 49 8b 5b 28 49 8b 6b 38
0x00007ffec9b2f7dd:   49 8b e3 41 5e 5f 5e c3 cc cc cc cc cc cc cc cc
0x00007ffec9b2f7ed:   cc cc cc cc cc cc cc cc cc cc cc cc cc cc cc cc
0x00007ffec9b2f7fd:   cc cc cc cc cc cc cc cc cc cc cc cc cc cc cc cc
0x00007ffec9b2f80d:   cc cc cc cc cc cc cc cc cc cc cc cc cc cc cc cc
0x00007ffec9b2f81d:   cc cc cc cc cc cc cc cc cc cc cc cc cc cc cc cc
0x00007ffec9b2f82d:   cc cc cc cc cc cc cc cc cc cc cc cc cc cc cc cc
0x00007ffec9b2f83d:   cc cc cc cc cc cc cc cc cc cc cc cc cc cc cc cc
0x00007ffec9b2f84d:   cc cc cc 40 53 55 56 57 41 56 48 81 ec 90 00 00
0x00007ffec9b2f85d:   00 48 8b 05 63 57 e0 00 48 33 c4 48 89 84 24 80
0x00007ffec9b2f86d:   00 00 00 48 8b 35 b9 e2 e0 00 49 8b e8 48 8b fa
0x00007ffec9b2f87d:   4c 8b f1 48 85 f6 75 1f e8 53 e4 e8 ff 48 8b c8 


Stack slot to memory mapping:
stack at sp + 0 slots: {method} {0x00000231fb033430} '_nSetColor' '(JI)V' in 'org/jetbrains/skia/PaintKt'
stack at sp + 1 slots: 0x0 is NULL
stack at sp + 2 slots: 0x000000ca0c1fe968 is pointing into the stack for thread: 0x00000231fef4bb00
stack at sp + 3 slots: 0x000000ca0c1fe9c8 is pointing into the stack for thread: 0x00000231fef4bb00
stack at sp + 4 slots: 0x000002318754de8a is at code_begin+1098 in an Interpreter codelet
return entry points  [0x000002318754da40, 0x000002318754e508]  2760 bytes
stack at sp + 5 slots: 0x00000000a78e6fc0 is an oop: java.lang.Class 
{0x00000000a78e6fc0} - klass: 'java/lang/Class'
 - ---- fields (total size 14 words):
 - private volatile transient 'classRedefinedCount' 'I' @12  0 (0x00000000)
 - abstract internal 'klass' 'J' @16  2411893852928 (0x0000023190138b00)
 - abstract internal 'array_klass' 'J' @24  0 (0x0000000000000000)
 - abstract internal 'oop_size' 'I' @32  14 (0x0000000e)
 - abstract internal 'static_oop_field_count' 'I' @36  0 (0x00000000)
 - private volatile transient 'cachedConstructor' 'Ljava/lang/reflect/Constructor;' @40  NULL (0x00000000)
 - private transient 'name' 'Ljava/lang/String;' @44  "org.jetbrains.skia.PaintKt"{0x00000000a78e7030} (0xa78e7030)
 - private transient 'module' 'Ljava/lang/Module;' @48  a 'java/lang/Module'{0x00000000a6a43f90} (0xa6a43f90)
 - private final 'classLoader' 'Ljava/lang/ClassLoader;' @52  a 'jdk/internal/loader/ClassLoaders$AppClassLoader'{0x00000000a6a00308} (0xa6a00308)
 - private transient 'classData' 'Ljava/lang/Object;' @56  NULL (0x00000000)
 - private transient 'packageName' 'Ljava/lang/String;' @60  "org.jetbrains.skia"{0x00000000a6950da8} (0xa6950da8)
 - private final 'componentType' 'Ljava/lang/Class;' @64  NULL (0x00000000)
 - private volatile transient 'reflectionData' 'Ljava/lang/ref/SoftReference;' @68  NULL (0x00000000)
 - private volatile transient 'genericInfo' 'Lsun/reflect/generics/repository/ClassRepository;' @72  NULL (0x00000000)
 - private volatile transient 'enumConstants' '[Ljava/lang/Object;' @76  NULL (0x00000000)
 - private volatile transient 'enumConstantDirectory' 'Ljava/util/Map;' @80  NULL (0x00000000)
 - private volatile transient 'annotationData' 'Ljava/lang/Class$AnnotationData;' @84  NULL (0x00000000)
 - private volatile transient 'annotationType' 'Lsun/reflect/annotation/AnnotationType;' @88  NULL (0x00000000)
 - transient 'classValueMap' 'Ljava/lang/ClassValue$ClassValueMap;' @92  NULL (0x00000000)
 - abstract internal 'protection_domain' 'Ljava/lang/Object;' @96  a 'java/security/ProtectionDomain'{0x00000000a6a003b0} (0xa6a003b0)
 - abstract internal 'signers_name' 'Ljava/lang/Object;' @100  NULL (0x00000000)
 - abstract internal 'source_file' 'Ljava/lang/Object;' @104  NULL (0x00000000)
 - signature: Lorg/jetbrains/skia/PaintKt;
 - ---- static fields (0):
stack at sp + 6 slots: 0x000002318754f897 is at code_begin+23 in an Interpreter codelet
result handlers for native calls  [0x000002318754f880, 0x000002318754f8a0]  32 bytes
stack at sp + 7 slots: 0x00000000ffffffff is an unallocated location in the heap


---------------  P R O C E S S  ---------------

Threads class SMR info:
_java_thread_list=0x00000231d419d300, length=24, elements={
0x00000231ecd865d0, 0x00000231f9ff8db0, 0x00000231f9ff99b0, 0x00000231f9ffc5e0,
0x00000231f9ffe090, 0x00000231fa008470, 0x00000231fa009680, 0x00000231fa00cbd0,
0x00000231fa00d550, 0x00000231f9fc76b0, 0x00000231fe707470, 0x00000231fe57cae0,
0x00000231fe8e2970, 0x00000231fe7fdf70, 0x00000231fe8e4ed0, 0x00000231fe91f550,
0x00000231fef4bb00, 0x00000231fef4c050, 0x00000231d42a1610, 0x00000231d42a1b60,
0x00000231d42a4b30, 0x00000231d42a30a0, 0x00000231d42a8050, 0x00000231d42a2b50
}

Java Threads: ( => current thread )
  0x00000231ecd865d0 JavaThread "main" [_thread_blocked, id=2996, stack(0x000000ca09f00000,0x000000ca0a000000)]
  0x00000231f9ff8db0 JavaThread "Reference Handler" daemon [_thread_blocked, id=22168, stack(0x000000ca0a600000,0x000000ca0a700000)]
  0x00000231f9ff99b0 JavaThread "Finalizer" daemon [_thread_blocked, id=2920, stack(0x000000ca0a700000,0x000000ca0a800000)]
  0x00000231f9ffc5e0 JavaThread "Signal Dispatcher" daemon [_thread_blocked, id=2176, stack(0x000000ca0a800000,0x000000ca0a900000)]
  0x00000231f9ffe090 JavaThread "Attach Listener" daemon [_thread_blocked, id=14968, stack(0x000000ca0a900000,0x000000ca0aa00000)]
  0x00000231fa008470 JavaThread "Service Thread" daemon [_thread_blocked, id=16460, stack(0x000000ca0aa00000,0x000000ca0ab00000)]
  0x00000231fa009680 JavaThread "Monitor Deflation Thread" daemon [_thread_blocked, id=17644, stack(0x000000ca0ab00000,0x000000ca0ac00000)]
  0x00000231fa00cbd0 JavaThread "C2 CompilerThread0" daemon [_thread_blocked, id=22032, stack(0x000000ca0ac00000,0x000000ca0ad00000)]
  0x00000231fa00d550 JavaThread "C1 CompilerThread0" daemon [_thread_blocked, id=21948, stack(0x000000ca0ad00000,0x000000ca0ae00000)]
  0x00000231f9fc76b0 JavaThread "Common-Cleaner" daemon [_thread_blocked, id=21944, stack(0x000000ca0ae00000,0x000000ca0af00000)]
  0x00000231fe707470 JavaThread "Monitor Ctrl-Break" daemon [_thread_in_native, id=13120, stack(0x000000ca0b000000,0x000000ca0b100000)]
  0x00000231fe57cae0 JavaThread "Notification Thread" daemon [_thread_blocked, id=17100, stack(0x000000ca0b100000,0x000000ca0b200000)]
  0x00000231fe8e2970 JavaThread "Java2D Disposer" daemon [_thread_blocked, id=3988, stack(0x000000ca0b300000,0x000000ca0b400000)]
  0x00000231fe7fdf70 JavaThread "AWT-Shutdown" [_thread_blocked, id=2116, stack(0x000000ca0b400000,0x000000ca0b500000)]
  0x00000231fe8e4ed0 JavaThread "AWT-Windows" daemon [_thread_in_native, id=12604, stack(0x000000ca0b500000,0x000000ca0b600000)]
  0x00000231fe91f550 JavaThread "AWT-EventQueue-0" [_thread_in_vm, id=8360, stack(0x000000ca0b600000,0x000000ca0b700000)]
=>0x00000231fef4bb00 JavaThread "DefaultDispatcher-worker-1" daemon [_thread_in_native, id=5228, stack(0x000000ca0c100000,0x000000ca0c200000)]
  0x00000231fef4c050 JavaThread "DefaultDispatcher-worker-2" daemon [_thread_blocked, id=4136, stack(0x000000ca0c200000,0x000000ca0c300000)]
  0x00000231d42a1610 JavaThread "DefaultDispatcher-worker-3" daemon [_thread_blocked, id=18872, stack(0x000000ca0c300000,0x000000ca0c400000)]
  0x00000231d42a1b60 JavaThread "kotlinx.coroutines.DefaultExecutor" daemon [_thread_blocked, id=21192, stack(0x000000ca0c400000,0x000000ca0c500000)]
  0x00000231d42a4b30 JavaThread "Reference Cleaner" daemon [_thread_blocked, id=20648, stack(0x000000ca0c500000,0x000000ca0c600000)]
  0x00000231d42a30a0 JavaThread "D3D Screen Updater" daemon [_thread_blocked, id=12624, stack(0x000000ca0d300000,0x000000ca0d400000)]
  0x00000231d42a8050 JavaThread "Thread-8" [_thread_blocked, id=11372, stack(0x000000ca0d400000,0x000000ca0d500000)]
  0x00000231d42a2b50 JavaThread "Image Fetcher 0" daemon [_thread_blocked, id=11224, stack(0x000000ca0cd00000,0x000000ca0ce00000)]

Other Threads:
  0x00000231f9fd7be0 VMThread "VM Thread" [stack: 0x000000ca0a500000,0x000000ca0a600000] [id=16164]
  0x00000231eab0bd10 WatcherThread "VM Periodic Task Thread" [stack: 0x000000ca0b200000,0x000000ca0b300000] [id=18540]
  0x00000231ecdd4ab0 WorkerThread "GC Thread#0" [stack: 0x000000ca0a000000,0x000000ca0a100000] [id=18492]
  0x00000231fe7a7c80 WorkerThread "GC Thread#1" [stack: 0x000000ca0c600000,0x000000ca0c700000] [id=7816]
  0x00000231fe7a7f50 WorkerThread "GC Thread#2" [stack: 0x000000ca0c700000,0x000000ca0c800000] [id=20216]
  0x00000231fe7a6e70 WorkerThread "GC Thread#3" [stack: 0x000000ca0c800000,0x000000ca0c900000] [id=15196]
  0x00000231fe7a87c0 WorkerThread "GC Thread#4" [stack: 0x000000ca0c900000,0x000000ca0ca00000] [id=15928]
  0x00000231fe7a7140 WorkerThread "GC Thread#5" [stack: 0x000000ca0ca00000,0x000000ca0cb00000] [id=17700]
  0x00000231fe7a7410 WorkerThread "GC Thread#6" [stack: 0x000000ca0cb00000,0x000000ca0cc00000] [id=21928]
  0x00000231fe7a79b0 WorkerThread "GC Thread#7" [stack: 0x000000ca0cc00000,0x000000ca0cd00000] [id=9572]
  0x00000231ecde2450 ConcurrentGCThread "G1 Main Marker" [stack: 0x000000ca0a100000,0x000000ca0a200000] [id=16344]
  0x00000231ecde2f20 WorkerThread "G1 Conc#0" [stack: 0x000000ca0a200000,0x000000ca0a300000] [id=20784]
  0x00000231ece1ec70 ConcurrentGCThread "G1 Refine#0" [stack: 0x000000ca0a300000,0x000000ca0a400000] [id=8504]
  0x00000231f9e9afb0 ConcurrentGCThread "G1 Service" [stack: 0x000000ca0a400000,0x000000ca0a500000] [id=9352]

Threads with active compile tasks:

VM state: not at safepoint (normal execution)

VM Mutex/Monitor currently owned by a thread: None

Heap address: 0x00000000a2400000, size: 1500 MB, Compressed Oops mode: 32-bit

CDS archive(s) mapped at: [0x000002318f000000-0x000002318fc60000-0x000002318fc60000), size 12976128, SharedBaseAddress: 0x000002318f000000, ArchiveRelocationMode: 1.
Compressed class space mapped at: 0x0000023190000000-0x00000231d0000000, reserved size: 1073741824
Narrow klass base: 0x000002318f000000, Narrow klass shift: 0, Narrow klass range: 0x100000000

GC Precious Log:
 CardTable entry size: 512
 Card Set container configuration: InlinePtr #cards 5 size 8 Array Of Cards #cards 12 size 40 Howl #buckets 4 coarsen threshold 1843 Howl Bitmap #cards 512 size 80 coarsen threshold 460 Card regions per heap region 1 cards per card region 2048
 CPUs: 12 total, 12 available
 Memory: 5996M
 Large Page Support: Disabled
 NUMA Support: Disabled
 Compressed Oops: Enabled (32-bit)
 Heap Region Size: 1M
 Heap Min Capacity: 8M
 Heap Initial Capacity: 94M
 Heap Max Capacity: 1500M
 Pre-touch: Disabled
 Parallel Workers: 10
 Concurrent Workers: 3
 Concurrent Refinement Workers: 10
 Periodic GC: Disabled

Heap:
 garbage-first heap   total 96256K, used 18565K [0x00000000a2400000, 0x0000000100000000)
  region size 1024K, 20 young (20480K), 3 survivors (3072K)
 Metaspace       used 16074K, committed 16320K, reserved 1114112K
  class space    used 1690K, committed 1856K, reserved 1048576K

Heap Regions: E=young(eden), S=young(survivor), O=old, HS=humongous(starts), HC=humongous(continues), CS=collection set, F=free, OA=open archive, CA=closed archive, TAMS=top-at-mark-start, PB=parsable bottom
|   0|0x00000000a2400000, 0x00000000a2400000, 0x00000000a2500000|  0%| F|  |TAMS 0x00000000a2400000| PB 0x00000000a2400000| Untracked 
|   1|0x00000000a2500000, 0x00000000a2521600, 0x00000000a2600000| 13%| O|  |TAMS 0x00000000a2500000| PB 0x00000000a2500000| Untracked 
|   2|0x00000000a2600000, 0x00000000a2600000, 0x00000000a2700000|  0%| F|  |TAMS 0x00000000a2600000| PB 0x00000000a2600000| Untracked 
|   3|0x00000000a2700000, 0x00000000a2700000, 0x00000000a2800000|  0%| F|  |TAMS 0x00000000a2700000| PB 0x00000000a2700000| Untracked 
|   4|0x00000000a2800000, 0x00000000a2800000, 0x00000000a2900000|  0%| F|  |TAMS 0x00000000a2800000| PB 0x00000000a2800000| Untracked 
|   5|0x00000000a2900000, 0x00000000a2900000, 0x00000000a2a00000|  0%| F|  |TAMS 0x00000000a2900000| PB 0x00000000a2900000| Untracked 
|   6|0x00000000a2a00000, 0x00000000a2a00000, 0x00000000a2b00000|  0%| F|  |TAMS 0x00000000a2a00000| PB 0x00000000a2a00000| Untracked 
|   7|0x00000000a2b00000, 0x00000000a2b00000, 0x00000000a2c00000|  0%| F|  |TAMS 0x00000000a2b00000| PB 0x00000000a2b00000| Untracked 
|   8|0x00000000a2c00000, 0x00000000a2c00000, 0x00000000a2d00000|  0%| F|  |TAMS 0x00000000a2c00000| PB 0x00000000a2c00000| Untracked 
|   9|0x00000000a2d00000, 0x00000000a2d00000, 0x00000000a2e00000|  0%| F|  |TAMS 0x00000000a2d00000| PB 0x00000000a2d00000| Untracked 
|  10|0x00000000a2e00000, 0x00000000a2e00000, 0x00000000a2f00000|  0%| F|  |TAMS 0x00000000a2e00000| PB 0x00000000a2e00000| Untracked 
|  11|0x00000000a2f00000, 0x00000000a2f00000, 0x00000000a3000000|  0%| F|  |TAMS 0x00000000a2f00000| PB 0x00000000a2f00000| Untracked 
|  12|0x00000000a3000000, 0x00000000a3000000, 0x00000000a3100000|  0%| F|  |TAMS 0x00000000a3000000| PB 0x00000000a3000000| Untracked 
|  13|0x00000000a3100000, 0x00000000a3100000, 0x00000000a3200000|  0%| F|  |TAMS 0x00000000a3100000| PB 0x00000000a3100000| Untracked 
|  14|0x00000000a3200000, 0x00000000a3200000, 0x00000000a3300000|  0%| F|  |TAMS 0x00000000a3200000| PB 0x00000000a3200000| Untracked 
|  15|0x00000000a3300000, 0x00000000a3300000, 0x00000000a3400000|  0%| F|  |TAMS 0x00000000a3300000| PB 0x00000000a3300000| Untracked 
|  16|0x00000000a3400000, 0x00000000a3400000, 0x00000000a3500000|  0%| F|  |TAMS 0x00000000a3400000| PB 0x00000000a3400000| Untracked 
|  17|0x00000000a3500000, 0x00000000a3500000, 0x00000000a3600000|  0%| F|  |TAMS 0x00000000a3500000| PB 0x00000000a3500000| Untracked 
|  18|0x00000000a3600000, 0x00000000a3600000, 0x00000000a3700000|  0%| F|  |TAMS 0x00000000a3600000| PB 0x00000000a3600000| Untracked 
|  19|0x00000000a3700000, 0x00000000a3700000, 0x00000000a3800000|  0%| F|  |TAMS 0x00000000a3700000| PB 0x00000000a3700000| Untracked 
|  20|0x00000000a3800000, 0x00000000a3800000, 0x00000000a3900000|  0%| F|  |TAMS 0x00000000a3800000| PB 0x00000000a3800000| Untracked 
|  21|0x00000000a3900000, 0x00000000a3900000, 0x00000000a3a00000|  0%| F|  |TAMS 0x00000000a3900000| PB 0x00000000a3900000| Untracked 
|  22|0x00000000a3a00000, 0x00000000a3a00000, 0x00000000a3b00000|  0%| F|  |TAMS 0x00000000a3a00000| PB 0x00000000a3a00000| Untracked 
|  23|0x00000000a3b00000, 0x00000000a3b00000, 0x00000000a3c00000|  0%| F|  |TAMS 0x00000000a3b00000| PB 0x00000000a3b00000| Untracked 
|  24|0x00000000a3c00000, 0x00000000a3c00000, 0x00000000a3d00000|  0%| F|  |TAMS 0x00000000a3c00000| PB 0x00000000a3c00000| Untracked 
|  25|0x00000000a3d00000, 0x00000000a3d00000, 0x00000000a3e00000|  0%| F|  |TAMS 0x00000000a3d00000| PB 0x00000000a3d00000| Untracked 
|  26|0x00000000a3e00000, 0x00000000a3e00000, 0x00000000a3f00000|  0%| F|  |TAMS 0x00000000a3e00000| PB 0x00000000a3e00000| Untracked 
|  27|0x00000000a3f00000, 0x00000000a3f00000, 0x00000000a4000000|  0%| F|  |TAMS 0x00000000a3f00000| PB 0x00000000a3f00000| Untracked 
|  28|0x00000000a4000000, 0x00000000a4000000, 0x00000000a4100000|  0%| F|  |TAMS 0x00000000a4000000| PB 0x00000000a4000000| Untracked 
|  29|0x00000000a4100000, 0x00000000a4100000, 0x00000000a4200000|  0%| F|  |TAMS 0x00000000a4100000| PB 0x00000000a4100000| Untracked 
|  30|0x00000000a4200000, 0x00000000a4200000, 0x00000000a4300000|  0%| F|  |TAMS 0x00000000a4200000| PB 0x00000000a4200000| Untracked 
|  31|0x00000000a4300000, 0x00000000a4300000, 0x00000000a4400000|  0%| F|  |TAMS 0x00000000a4300000| PB 0x00000000a4300000| Untracked 
|  32|0x00000000a4400000, 0x00000000a4400000, 0x00000000a4500000|  0%| F|  |TAMS 0x00000000a4400000| PB 0x00000000a4400000| Untracked 
|  33|0x00000000a4500000, 0x00000000a4500000, 0x00000000a4600000|  0%| F|  |TAMS 0x00000000a4500000| PB 0x00000000a4500000| Untracked 
|  34|0x00000000a4600000, 0x00000000a4600000, 0x00000000a4700000|  0%| F|  |TAMS 0x00000000a4600000| PB 0x00000000a4600000| Untracked 
|  35|0x00000000a4700000, 0x00000000a4700000, 0x00000000a4800000|  0%| F|  |TAMS 0x00000000a4700000| PB 0x00000000a4700000| Untracked 
|  36|0x00000000a4800000, 0x00000000a4800000, 0x00000000a4900000|  0%| F|  |TAMS 0x00000000a4800000| PB 0x00000000a4800000| Untracked 
|  37|0x00000000a4900000, 0x00000000a4900000, 0x00000000a4a00000|  0%| F|  |TAMS 0x00000000a4900000| PB 0x00000000a4900000| Untracked 
|  38|0x00000000a4a00000, 0x00000000a4a00000, 0x00000000a4b00000|  0%| F|  |TAMS 0x00000000a4a00000| PB 0x00000000a4a00000| Untracked 
|  39|0x00000000a4b00000, 0x00000000a4b00000, 0x00000000a4c00000|  0%| F|  |TAMS 0x00000000a4b00000| PB 0x00000000a4b00000| Untracked 
|  40|0x00000000a4c00000, 0x00000000a4c00000, 0x00000000a4d00000|  0%| F|  |TAMS 0x00000000a4c00000| PB 0x00000000a4c00000| Untracked 
|  41|0x00000000a4d00000, 0x00000000a4d00000, 0x00000000a4e00000|  0%| F|  |TAMS 0x00000000a4d00000| PB 0x00000000a4d00000| Untracked 
|  42|0x00000000a4e00000, 0x00000000a4e00000, 0x00000000a4f00000|  0%| F|  |TAMS 0x00000000a4e00000| PB 0x00000000a4e00000| Untracked 
|  43|0x00000000a4f00000, 0x00000000a4f00000, 0x00000000a5000000|  0%| F|  |TAMS 0x00000000a4f00000| PB 0x00000000a4f00000| Untracked 
|  44|0x00000000a5000000, 0x00000000a5000000, 0x00000000a5100000|  0%| F|  |TAMS 0x00000000a5000000| PB 0x00000000a5000000| Untracked 
|  45|0x00000000a5100000, 0x00000000a5100000, 0x00000000a5200000|  0%| F|  |TAMS 0x00000000a5100000| PB 0x00000000a5100000| Untracked 
|  46|0x00000000a5200000, 0x00000000a5200000, 0x00000000a5300000|  0%| F|  |TAMS 0x00000000a5200000| PB 0x00000000a5200000| Untracked 
|  47|0x00000000a5300000, 0x00000000a5300000, 0x00000000a5400000|  0%| F|  |TAMS 0x00000000a5300000| PB 0x00000000a5300000| Untracked 
|  48|0x00000000a5400000, 0x00000000a5400000, 0x00000000a5500000|  0%| F|  |TAMS 0x00000000a5400000| PB 0x00000000a5400000| Untracked 
|  49|0x00000000a5500000, 0x00000000a5500000, 0x00000000a5600000|  0%| F|  |TAMS 0x00000000a5500000| PB 0x00000000a5500000| Untracked 
|  50|0x00000000a5600000, 0x00000000a5600000, 0x00000000a5700000|  0%| F|  |TAMS 0x00000000a5600000| PB 0x00000000a5600000| Untracked 
|  51|0x00000000a5700000, 0x00000000a5700000, 0x00000000a5800000|  0%| F|  |TAMS 0x00000000a5700000| PB 0x00000000a5700000| Untracked 
|  52|0x00000000a5800000, 0x00000000a5800000, 0x00000000a5900000|  0%| F|  |TAMS 0x00000000a5800000| PB 0x00000000a5800000| Untracked 
|  53|0x00000000a5900000, 0x00000000a5900000, 0x00000000a5a00000|  0%| F|  |TAMS 0x00000000a5900000| PB 0x00000000a5900000| Untracked 
|  54|0x00000000a5a00000, 0x00000000a5a00000, 0x00000000a5b00000|  0%| F|  |TAMS 0x00000000a5a00000| PB 0x00000000a5a00000| Untracked 
|  55|0x00000000a5b00000, 0x00000000a5b00000, 0x00000000a5c00000|  0%| F|  |TAMS 0x00000000a5b00000| PB 0x00000000a5b00000| Untracked 
|  56|0x00000000a5c00000, 0x00000000a5c00000, 0x00000000a5d00000|  0%| F|  |TAMS 0x00000000a5c00000| PB 0x00000000a5c00000| Untracked 
|  57|0x00000000a5d00000, 0x00000000a5d00000, 0x00000000a5e00000|  0%| F|  |TAMS 0x00000000a5d00000| PB 0x00000000a5d00000| Untracked 
|  58|0x00000000a5e00000, 0x00000000a5e00000, 0x00000000a5f00000|  0%| F|  |TAMS 0x00000000a5e00000| PB 0x00000000a5e00000| Untracked 
|  59|0x00000000a5f00000, 0x00000000a5f00000, 0x00000000a6000000|  0%| F|  |TAMS 0x00000000a5f00000| PB 0x00000000a5f00000| Untracked 
|  60|0x00000000a6000000, 0x00000000a6000000, 0x00000000a6100000|  0%| F|  |TAMS 0x00000000a6000000| PB 0x00000000a6000000| Untracked 
|  61|0x00000000a6100000, 0x00000000a6100000, 0x00000000a6200000|  0%| F|  |TAMS 0x00000000a6100000| PB 0x00000000a6100000| Untracked 
|  62|0x00000000a6200000, 0x00000000a6200000, 0x00000000a6300000|  0%| F|  |TAMS 0x00000000a6200000| PB 0x00000000a6200000| Untracked 
|  63|0x00000000a6300000, 0x00000000a6300000, 0x00000000a6400000|  0%| F|  |TAMS 0x00000000a6300000| PB 0x00000000a6300000| Untracked 
|  64|0x00000000a6400000, 0x00000000a6400000, 0x00000000a6500000|  0%| F|  |TAMS 0x00000000a6400000| PB 0x00000000a6400000| Untracked 
|  65|0x00000000a6500000, 0x00000000a6500000, 0x00000000a6600000|  0%| F|  |TAMS 0x00000000a6500000| PB 0x00000000a6500000| Untracked 
|  66|0x00000000a6600000, 0x00000000a6600000, 0x00000000a6700000|  0%| F|  |TAMS 0x00000000a6600000| PB 0x00000000a6600000| Untracked 
|  67|0x00000000a6700000, 0x00000000a6700000, 0x00000000a6800000|  0%| F|  |TAMS 0x00000000a6700000| PB 0x00000000a6700000| Untracked 
|  68|0x00000000a6800000, 0x00000000a6900000, 0x00000000a6900000|100%| S|CS|TAMS 0x00000000a6800000| PB 0x00000000a6800000| Complete 
|  69|0x00000000a6900000, 0x00000000a6a00000, 0x00000000a6a00000|100%| S|CS|TAMS 0x00000000a6900000| PB 0x00000000a6900000| Complete 
|  70|0x00000000a6a00000, 0x00000000a6b00000, 0x00000000a6b00000|100%| S|CS|TAMS 0x00000000a6a00000| PB 0x00000000a6a00000| Complete 
|  71|0x00000000a6b00000, 0x00000000a6b00000, 0x00000000a6c00000|  0%| F|  |TAMS 0x00000000a6b00000| PB 0x00000000a6b00000| Untracked 
|  72|0x00000000a6c00000, 0x00000000a6c00000, 0x00000000a6d00000|  0%| F|  |TAMS 0x00000000a6c00000| PB 0x00000000a6c00000| Untracked 
|  73|0x00000000a6d00000, 0x00000000a6d00000, 0x00000000a6e00000|  0%| F|  |TAMS 0x00000000a6d00000| PB 0x00000000a6d00000| Untracked 
|  74|0x00000000a6e00000, 0x00000000a6e00000, 0x00000000a6f00000|  0%| F|  |TAMS 0x00000000a6e00000| PB 0x00000000a6e00000| Untracked 
|  75|0x00000000a6f00000, 0x00000000a6f00000, 0x00000000a7000000|  0%| F|  |TAMS 0x00000000a6f00000| PB 0x00000000a6f00000| Untracked 
|  76|0x00000000a7000000, 0x00000000a7000000, 0x00000000a7100000|  0%| F|  |TAMS 0x00000000a7000000| PB 0x00000000a7000000| Untracked 
|  77|0x00000000a7100000, 0x00000000a71d2350, 0x00000000a7200000| 82%| E|  |TAMS 0x00000000a7100000| PB 0x00000000a7100000| Complete 
|  78|0x00000000a7200000, 0x00000000a7300000, 0x00000000a7300000|100%| E|CS|TAMS 0x00000000a7200000| PB 0x00000000a7200000| Complete 
|  79|0x00000000a7300000, 0x00000000a7400000, 0x00000000a7400000|100%| E|CS|TAMS 0x00000000a7300000| PB 0x00000000a7300000| Complete 
|  80|0x00000000a7400000, 0x00000000a7500000, 0x00000000a7500000|100%| E|CS|TAMS 0x00000000a7400000| PB 0x00000000a7400000| Complete 
|  81|0x00000000a7500000, 0x00000000a7600000, 0x00000000a7600000|100%| E|CS|TAMS 0x00000000a7500000| PB 0x00000000a7500000| Complete 
|  82|0x00000000a7600000, 0x00000000a7700000, 0x00000000a7700000|100%| E|  |TAMS 0x00000000a7600000| PB 0x00000000a7600000| Complete 
|  83|0x00000000a7700000, 0x00000000a7800000, 0x00000000a7800000|100%| E|CS|TAMS 0x00000000a7700000| PB 0x00000000a7700000| Complete 
|  84|0x00000000a7800000, 0x00000000a7900000, 0x00000000a7900000|100%| E|CS|TAMS 0x00000000a7800000| PB 0x00000000a7800000| Complete 
|  85|0x00000000a7900000, 0x00000000a7a00000, 0x00000000a7a00000|100%| E|CS|TAMS 0x00000000a7900000| PB 0x00000000a7900000| Complete 
|  86|0x00000000a7a00000, 0x00000000a7b00000, 0x00000000a7b00000|100%| E|CS|TAMS 0x00000000a7a00000| PB 0x00000000a7a00000| Complete 
|  87|0x00000000a7b00000, 0x00000000a7c00000, 0x00000000a7c00000|100%| E|CS|TAMS 0x00000000a7b00000| PB 0x00000000a7b00000| Complete 
|  88|0x00000000a7c00000, 0x00000000a7d00000, 0x00000000a7d00000|100%| E|CS|TAMS 0x00000000a7c00000| PB 0x00000000a7c00000| Complete 
|  89|0x00000000a7d00000, 0x00000000a7e00000, 0x00000000a7e00000|100%| E|CS|TAMS 0x00000000a7d00000| PB 0x00000000a7d00000| Complete 
|  90|0x00000000a7e00000, 0x00000000a7f00000, 0x00000000a7f00000|100%| E|CS|TAMS 0x00000000a7e00000| PB 0x00000000a7e00000| Complete 
|  91|0x00000000a7f00000, 0x00000000a8000000, 0x00000000a8000000|100%| E|CS|TAMS 0x00000000a7f00000| PB 0x00000000a7f00000| Complete 
|  92|0x00000000a8000000, 0x00000000a8100000, 0x00000000a8100000|100%| E|CS|TAMS 0x00000000a8000000| PB 0x00000000a8000000| Complete 
|  93|0x00000000a8100000, 0x00000000a8200000, 0x00000000a8200000|100%| E|CS|TAMS 0x00000000a8100000| PB 0x00000000a8100000| Complete 

Card table byte_map: [0x00000231f5660000,0x00000231f5950000] _byte_map_base: 0x00000231f514e000

Marking Bits: (CMBitMap*) 0x00000231ecdd5ff0
 Bits: [0x00000231f5c40000, 0x00000231f73b0000)

Polling page: 0x00000231eac90000

Metaspace:

Usage:
  Non-class:     14.05 MB used.
      Class:      1.65 MB used.
       Both:     15.70 MB used.

Virtual space:
  Non-class space:       64.00 MB reserved,      14.12 MB ( 22%) committed,  1 nodes.
      Class space:        1.00 GB reserved,       1.81 MB ( <1%) committed,  1 nodes.
             Both:        1.06 GB reserved,      15.94 MB (  1%) committed. 

Chunk freelists:
   Non-Class:  1.00 MB
       Class:  2.06 MB
        Both:  3.06 MB

MaxMetaspaceSize: unlimited
CompressedClassSpaceSize: 1.00 GB
Initial GC threshold: 21.00 MB
Current GC threshold: 21.00 MB
CDS: on
MetaspaceReclaimPolicy: balanced
 - commit_granule_bytes: 65536.
 - commit_granule_words: 8192.
 - virtual_space_node_default_size: 8388608.
 - enlarge_chunks_in_place: 1.
 - new_chunks_are_fully_committed: 0.
 - uncommit_free_chunks: 1.
 - use_allocation_guard: 0.


Internal statistics:

num_allocs_failed_limit: 0.
num_arena_births: 180.
num_arena_deaths: 0.
num_vsnodes_births: 2.
num_vsnodes_deaths: 0.
num_space_committed: 255.
num_space_uncommitted: 0.
num_chunks_returned_to_freelist: 0.
num_chunks_taken_from_freelist: 549.
num_chunk_merges: 0.
num_chunk_splits: 394.
num_chunks_enlarged: 282.
num_inconsistent_stats: 0.

CodeHeap 'non-profiled nmethods': size=120000Kb used=443Kb max_used=443Kb free=119556Kb
 bounds [0x0000023187ad0000, 0x0000023187d40000, 0x000002318f000000]
CodeHeap 'profiled nmethods': size=120000Kb used=1965Kb max_used=1965Kb free=118034Kb
 bounds [0x0000023180000000, 0x0000023180270000, 0x0000023187530000]
CodeHeap 'non-nmethods': size=5760Kb used=1886Kb max_used=1886Kb free=3873Kb
 bounds [0x0000023187530000, 0x00000231877a0000, 0x0000023187ad0000]
 total_blobs=2085 nmethods=1242 adapters=754
 compilation: enabled
              stopped_count=0, restarted_count=0
 full_count=0

Compilation events (20 events):
Event: 1.135 Thread 0x00000231fa00d550 1197       3       kotlin.jvm.internal.Intrinsics::checkNotNull (8 bytes)
Event: 1.135 Thread 0x00000231fa00d550 nmethod 1197 0x00000231801dd990 code [0x00000231801ddb80, 0x00000231801de048]
Event: 1.154 Thread 0x00000231fa00d550 1198       1       androidx.compose.runtime.collection.MutableVector::getSize (5 bytes)
Event: 1.154 Thread 0x00000231fa00d550 nmethod 1198 0x0000023187b3ac10 code [0x0000023187b3ad80, 0x0000023187b3ae48]
Event: 1.158 Thread 0x00000231fa00d550 1199       3       androidx.compose.runtime.ActualJvm_jvmKt::identityHashCode (5 bytes)
Event: 1.158 Thread 0x00000231fa00d550 nmethod 1199 0x00000231801de210 code [0x00000231801de3a0, 0x00000231801de4b0]
Event: 1.158 Thread 0x00000231fa00d550 1200       1       androidx.compose.runtime.collection.IdentityArraySet::getSize (5 bytes)
Event: 1.158 Thread 0x00000231fa00d550 nmethod 1200 0x0000023187b3af10 code [0x0000023187b3b080, 0x0000023187b3b148]
Event: 1.160 Thread 0x00000231fa00d550 1201       3       androidx.compose.runtime.SlotWriter$groupSlots$1::hasNext (17 bytes)
Event: 1.160 Thread 0x00000231fa00d550 nmethod 1201 0x00000231801de590 code [0x00000231801de720, 0x00000231801de890]
Event: 1.160 Thread 0x00000231fa00d550 1203       3       androidx.compose.runtime.SlotTableKt::access$parentAnchor (6 bytes)
Event: 1.160 Thread 0x00000231fa00d550 nmethod 1203 0x00000231801de910 code [0x00000231801deaa0, 0x00000231801dec20]
Event: 1.160 Thread 0x00000231fa00d550 1202       1       androidx.compose.runtime.SlotWriter::access$getSlots$p (5 bytes)
Event: 1.160 Thread 0x00000231fa00d550 nmethod 1202 0x0000023187b3b210 code [0x0000023187b3b380, 0x0000023187b3b430]
Event: 1.161 Thread 0x00000231fa00d550 1204       3       androidx.compose.runtime.SlotWriter$groupSlots$1::next (40 bytes)
Event: 1.161 Thread 0x00000231fa00d550 nmethod 1204 0x00000231801ded10 code [0x00000231801deec0, 0x00000231801df268]
Event: 1.161 Thread 0x00000231fa00d550 1206       3       androidx.compose.runtime.SlotWriter::parentAnchorToIndex (20 bytes)
Event: 1.161 Thread 0x00000231fa00d550 nmethod 1206 0x00000231801df410 code [0x00000231801df5a0, 0x00000231801df800]
Event: 1.162 Thread 0x00000231fa00d550 1205       3       androidx.compose.runtime.SlotWriter::access$dataIndexToDataAddress (6 bytes)
Event: 1.162 Thread 0x00000231fa00d550 nmethod 1205 0x00000231801df910 code [0x00000231801dfaa0, 0x00000231801dfc50]

GC Heap History (2 events):
Event: 0.695 GC heap before
{Heap before GC invocations=0 (full 0):
 garbage-first heap   total 96256K, used 23552K [0x00000000a2400000, 0x0000000100000000)
  region size 1024K, 23 young (23552K), 0 survivors (0K)
 Metaspace       used 9340K, committed 9600K, reserved 1114112K
  class space    used 875K, committed 1024K, reserved 1048576K
}
Event: 0.699 GC heap after
{Heap after GC invocations=1 (full 0):
 garbage-first heap   total 96256K, used 3205K [0x00000000a2400000, 0x0000000100000000)
  region size 1024K, 3 young (3072K), 3 survivors (3072K)
 Metaspace       used 9340K, committed 9600K, reserved 1114112K
  class space    used 875K, committed 1024K, reserved 1048576K
}

Dll operation events (14 events):
Event: 0.009 Loaded shared library C:\Users\GAMING\.jdks\openjdk-20.0.2\bin\java.dll
Event: 0.033 Loaded shared library C:\Users\GAMING\.jdks\openjdk-20.0.2\bin\jsvml.dll
Event: 0.096 Loaded shared library C:\Users\GAMING\.jdks\openjdk-20.0.2\bin\zip.dll
Event: 0.099 Loaded shared library C:\Users\GAMING\.jdks\openjdk-20.0.2\bin\instrument.dll
Event: 0.105 Loaded shared library C:\Users\GAMING\.jdks\openjdk-20.0.2\bin\net.dll
Event: 0.108 Loaded shared library C:\Users\GAMING\.jdks\openjdk-20.0.2\bin\nio.dll
Event: 0.110 Loaded shared library C:\Users\GAMING\.jdks\openjdk-20.0.2\bin\zip.dll
Event: 0.137 Loaded shared library C:\Users\GAMING\AppData\Local\JetBrains\Toolbox\apps\IDEA-C\ch-0\232.9559.62\bin\breakgen64.dll
Event: 0.158 Loaded shared library C:\Users\GAMING\.jdks\openjdk-20.0.2\bin\extnet.dll
Event: 0.243 Loaded shared library C:\Users\GAMING\.jdks\openjdk-20.0.2\bin\jimage.dll
Event: 0.258 Loaded shared library C:\Users\GAMING\.jdks\openjdk-20.0.2\bin\awt.dll
Event: 0.663 Loaded shared library C:\Users\GAMING\.skiko\0de0d8dd8554d9bb66cfca3837db6514ff9b71080e998917280a3b777460a416\skiko-windows-x64.dll
Event: 0.804 Loaded shared library C:\Users\GAMING\.jdks\openjdk-20.0.2\bin\freetype.dll
Event: 0.806 Loaded shared library C:\Users\GAMING\.jdks\openjdk-20.0.2\bin\fontmanager.dll

Deoptimization events (20 events):
Event: 0.652 Thread 0x00000231fe91f550 Uncommon trap: trap_request=0xffffff45 fr.pc=0x0000023187ae2cf0 relative=0x0000000000000070
Event: 0.652 Thread 0x00000231fe91f550 Uncommon trap: reason=unstable_if action=reinterpret pc=0x0000023187ae2cf0 method=java.io.WinNTFileSystem.isSlash(C)Z @ 9 c2
Event: 0.652 Thread 0x00000231fe91f550 DEOPT PACKING pc=0x0000023187ae2cf0 sp=0x000000ca0b6fd590
Event: 0.652 Thread 0x00000231fe91f550 DEOPT UNPACKING pc=0x0000023187599d22 sp=0x000000ca0b6fd518 mode 2
Event: 0.676 Thread 0x00000231fef4bb00 DEOPT PACKING pc=0x000002318016b075 sp=0x000000ca0c1fd870
Event: 0.676 Thread 0x00000231fef4bb00 DEOPT UNPACKING pc=0x000002318759a4c2 sp=0x000000ca0c1fccc0 mode 0
Event: 0.691 Thread 0x00000231fe91f550 DEOPT PACKING pc=0x000002318016b075 sp=0x000000ca0b6fca30
Event: 0.691 Thread 0x00000231fe91f550 DEOPT UNPACKING pc=0x000002318759a4c2 sp=0x000000ca0b6fbe80 mode 0
Event: 0.710 Thread 0x00000231fe91f550 DEOPT PACKING pc=0x000002318016b075 sp=0x000000ca0b6fc160
Event: 0.710 Thread 0x00000231fe91f550 DEOPT UNPACKING pc=0x000002318759a4c2 sp=0x000000ca0b6fb5b0 mode 0
Event: 0.724 Thread 0x00000231fe91f550 DEOPT PACKING pc=0x000002318016b075 sp=0x000000ca0b6fb5f0
Event: 0.724 Thread 0x00000231fe91f550 DEOPT UNPACKING pc=0x000002318759a4c2 sp=0x000000ca0b6faa40 mode 0
Event: 0.967 Thread 0x00000231fe91f550 DEOPT PACKING pc=0x00000231800d2ca7 sp=0x000000ca0b6fa620
Event: 0.967 Thread 0x00000231fe91f550 DEOPT UNPACKING pc=0x000002318759a4c2 sp=0x000000ca0b6f9aa8 mode 0
Event: 0.982 Thread 0x00000231f9ffe090 Uncommon trap: trap_request=0xffffff45 fr.pc=0x0000023187b2ae44 relative=0x0000000000000144
Event: 0.982 Thread 0x00000231f9ffe090 Uncommon trap: reason=unstable_if action=reinterpret pc=0x0000023187b2ae44 method=java.util.concurrent.locks.ReentrantLock$NonfairSync.initialTryLock()Z @ 10 c2
Event: 0.982 Thread 0x00000231f9ffe090 DEOPT PACKING pc=0x0000023187b2ae44 sp=0x000000ca0a9ff330
Event: 0.982 Thread 0x00000231f9ffe090 DEOPT UNPACKING pc=0x0000023187599d22 sp=0x000000ca0a9ff2d8 mode 2
Event: 1.027 Thread 0x00000231fe91f550 DEOPT PACKING pc=0x0000023180038747 sp=0x000000ca0b6fb940
Event: 1.027 Thread 0x00000231fe91f550 DEOPT UNPACKING pc=0x000002318759a4c2 sp=0x000000ca0b6fadc0 mode 0

Classes loaded (20 events):
Event: 1.128 Loading class sun/java2d/pipe/hw/ExtendedBufferCapabilities$VSyncType
Event: 1.128 Loading class sun/java2d/pipe/hw/ExtendedBufferCapabilities$VSyncType done
Event: 1.128 Loading class sun/java2d/StateTrackableDelegate$1
Event: 1.128 Loading class sun/java2d/StateTrackableDelegate$1 done
Event: 1.130 Loading class javax/swing/SwingHeavyWeight
Event: 1.130 Loading class javax/swing/SwingHeavyWeight done
Event: 1.132 Loading class sun/java2d/d3d/D3DSurfaceData$1Status
Event: 1.132 Loading class sun/java2d/d3d/D3DSurfaceData$1Status done
Event: 1.132 Loading class sun/java2d/d3d/D3DSurfaceData$1
Event: 1.132 Loading class sun/java2d/d3d/D3DSurfaceData$1 done
Event: 1.133 Loading class sun/java2d/pipe/BufferedPaints
Event: 1.133 Loading class sun/java2d/pipe/BufferedPaints done
Event: 1.134 Loading class java/awt/geom/Rectangle2D$Double
Event: 1.134 Loading class java/awt/geom/Rectangle2D$Double done
Event: 1.143 Loading class java/io/NotSerializableException
Event: 1.143 Loading class java/io/ObjectStreamException
Event: 1.143 Loading class java/io/ObjectStreamException done
Event: 1.143 Loading class java/io/NotSerializableException done
Event: 1.159 Loading class java/lang/IllegalThreadStateException
Event: 1.159 Loading class java/lang/IllegalThreadStateException done

Classes unloaded (0 events):
No events

Classes redefined (0 events):
No events

Internal exceptions (19 events):
Event: 0.130 Thread 0x00000231ecd865d0 Exception <a 'java/lang/NoSuchMethodError'{0x00000000a7ea0200}: 'void java.lang.invoke.DirectMethodHandle$Holder.invokeStatic(java.lang.Object, java.lang.Object, java.lang.Object)'> (0x00000000a7ea0200) 
thrown [s\open\src\hotspot\share\interpreter\linkResolver.cpp, line 773]
Event: 0.133 Thread 0x00000231ecd865d0 Exception <a 'java/lang/NoSuchMethodError'{0x00000000a7eb7950}: 'java.lang.Object java.lang.invoke.Invokers$Holder.invokeExact_MT(java.lang.Object, java.lang.Object, java.lang.Object, java.lang.Object, java.lang.Object)'> (0x00000000a7eb7950) 
thrown [s\open\src\hotspot\share\interpreter\linkResolver.cpp, line 773]
Event: 0.160 Thread 0x00000231fe707470 Exception <a 'java/lang/NoSuchMethodError'{0x00000000a7d074e0}: 'void java.lang.invoke.DirectMethodHandle$Holder.invokeStatic(java.lang.Object, java.lang.Object)'> (0x00000000a7d074e0) 
thrown [s\open\src\hotspot\share\interpreter\linkResolver.cpp, line 773]
Event: 0.230 Thread 0x00000231ecd865d0 Exception <a 'java/lang/ClassNotFoundException'{0x00000000a7a40618}: sun/awt/resources/spi/awtProvider> (0x00000000a7a40618) 
thrown [s\open\src\hotspot\share\classfile\systemDictionary.cpp, line 305]
Event: 0.268 Thread 0x00000231ecd865d0 Exception <a 'java/io/FileNotFoundException'{0x00000000a7a96cd8}> (0x00000000a7a96cd8) 
thrown [s\open\src\hotspot\share\prims\jni.cpp, line 519]
Event: 0.271 Thread 0x00000231ecd865d0 Exception <a 'java/io/FileNotFoundException'{0x00000000a7ac0ca8}> (0x00000000a7ac0ca8) 
thrown [s\open\src\hotspot\share\prims\jni.cpp, line 519]
Event: 0.584 Thread 0x00000231fe91f550 Exception <a 'java/lang/NoSuchMethodError'{0x00000000a6f38c60}: 'void java.lang.invoke.DirectMethodHandle$Holder.invokeSpecial(java.lang.Object, java.lang.Object, java.lang.Object)'> (0x00000000a6f38c60) 
thrown [s\open\src\hotspot\share\interpreter\linkResolver.cpp, line 773]
Event: 0.593 Thread 0x00000231fe91f550 Exception <a 'java/lang/NoSuchMethodError'{0x00000000a6f63068}: 'java.lang.Object java.lang.invoke.DirectMethodHandle$Holder.newInvokeSpecial(java.lang.Object, java.lang.Object, java.lang.Object, java.lang.Object, java.lang.Object)'> (0x00000000a6f63068) 
thrown [s\open\src\hotspot\share\interpreter\linkResolver.cpp, line 773]
Event: 0.597 Thread 0x00000231fe91f550 Exception <a 'java/lang/NoSuchMethodError'{0x00000000a6f93f80}: 'java.lang.Object java.lang.invoke.DirectMethodHandle$Holder.invokeStatic(java.lang.Object, int, java.lang.Object)'> (0x00000000a6f93f80) 
thrown [s\open\src\hotspot\share\interpreter\linkResolver.cpp, line 773]
Event: 0.615 Thread 0x00000231fe91f550 Exception <a 'java/lang/ClassNotFoundException'{0x00000000a6e50050}: com/sun/swing/internal/plaf/metal/resources/spi/metalProvider> (0x00000000a6e50050) 
thrown [s\open\src\hotspot\share\classfile\systemDictionary.cpp, line 305]
Event: 0.617 Thread 0x00000231fe91f550 Exception <a 'java/lang/ClassNotFoundException'{0x00000000a6e541c8}: com/sun/swing/internal/plaf/basic/resources/spi/basicProvider> (0x00000000a6e541c8) 
thrown [s\open\src\hotspot\share\classfile\systemDictionary.cpp, line 305]
Event: 0.626 Thread 0x00000231fe91f550 Exception <a 'java/lang/NoSuchMethodError'{0x00000000a6e70520}: 'int java.lang.invoke.Invokers$Holder.invokeExact_MT(java.lang.Object, java.lang.Object)'> (0x00000000a6e70520) 
thrown [s\open\src\hotspot\share\interpreter\linkResolver.cpp, line 773]
Event: 0.778 Thread 0x00000231fe8e4ed0 Exception <a 'java/lang/NoSuchMethodError'{0x00000000a7e5a038}: 'void java.lang.invoke.DirectMethodHandle$Holder.invokeVirtual(java.lang.Object, java.lang.Object)'> (0x00000000a7e5a038) 
thrown [s\open\src\hotspot\share\interpreter\linkResolver.cpp, line 773]
Event: 0.798 Thread 0x00000231fe91f550 Exception <a 'java/lang/NoSuchMethodError'{0x00000000a7e85380}: 'void java.lang.invoke.DirectMethodHandle$Holder.invokeStaticInit(java.lang.Object)'> (0x00000000a7e85380) 
thrown [s\open\src\hotspot\share\interpreter\linkResolver.cpp, line 773]
Event: 0.981 Thread 0x00000231f9ffe090 Exception <a 'java/lang/NoSuchMethodError'{0x00000000a7bdf580}: 'java.lang.Object java.lang.invoke.Invokers$Holder.invokeExact_MT(java.lang.Object, java.lang.Object, java.lang.Object, java.lang.Object, java.lang.Object, java.lang.Object)'> (0x00000000a7bdf580) 
thrown [s\open\src\hotspot\share\interpreter\linkResolver.cpp, line 773]
Event: 0.994 Thread 0x00000231fe91f550 Exception <a 'java/lang/NoSuchMethodError'{0x00000000a7915d38}: 'int java.lang.invoke.DirectMethodHandle$Holder.invokeStaticInit(java.lang.Object, java.lang.Object, java.lang.Object)'> (0x00000000a7915d38) 
thrown [s\open\src\hotspot\share\interpreter\linkResolver.cpp, line 773]
Event: 1.011 Thread 0x00000231fe91f550 Exception <a 'java/lang/NoSuchMethodError'{0x00000000a780eab0}: 'double java.lang.invoke.DirectMethodHandle$Holder.invokeStatic(java.lang.Object, double)'> (0x00000000a780eab0) 
thrown [s\open\src\hotspot\share\interpreter\linkResolver.cpp, line 773]
Event: 1.011 Thread 0x00000231fe91f550 Exception <a 'java/lang/NoSuchMethodError'{0x00000000a7812278}: 'double java.lang.invoke.DirectMethodHandle$Holder.invokeStaticInit(java.lang.Object, double)'> (0x00000000a7812278) 
thrown [s\open\src\hotspot\share\interpreter\linkResolver.cpp, line 773]
Event: 1.016 Thread 0x00000231fe91f550 Exception <a 'java/lang/NoSuchMethodError'{0x00000000a784c8c0}: 'java.lang.Object java.lang.invoke.DirectMethodHandle$Holder.newInvokeSpecial(java.lang.Object, double)'> (0x00000000a784c8c0) 
thrown [s\open\src\hotspot\share\interpreter\linkResolver.cpp, line 773]

VM Operations (20 events):
Event: 0.083 Executing VM operation: HandshakeAllThreads
Event: 0.083 Executing VM operation: HandshakeAllThreads done
Event: 0.141 Executing VM operation: HandshakeAllThreads
Event: 0.141 Executing VM operation: HandshakeAllThreads done
Event: 0.225 Executing VM operation: HandshakeAllThreads
Event: 0.225 Executing VM operation: HandshakeAllThreads done
Event: 0.642 Executing VM operation: HandshakeAllThreads
Event: 0.642 Executing VM operation: HandshakeAllThreads done
Event: 0.652 Executing VM operation: HandshakeAllThreads
Event: 0.652 Executing VM operation: HandshakeAllThreads done
Event: 0.652 Executing VM operation: HandshakeAllThreads
Event: 0.652 Executing VM operation: HandshakeAllThreads done
Event: 0.694 Executing VM operation: G1CollectForAllocation
Event: 0.699 Executing VM operation: G1CollectForAllocation done
Event: 0.721 Executing VM operation: HandshakeAllThreads
Event: 0.721 Executing VM operation: HandshakeAllThreads done
Event: 0.730 Executing VM operation: HandshakeAllThreads
Event: 0.730 Executing VM operation: HandshakeAllThreads done
Event: 0.962 Executing VM operation: HandshakeAllThreads
Event: 0.962 Executing VM operation: HandshakeAllThreads done

Events (20 events):
Event: 0.045 Thread 0x00000231f9ffe090 Thread added: 0x00000231f9ffe090
Event: 0.046 Thread 0x00000231fa008470 Thread added: 0x00000231fa008470
Event: 0.046 Thread 0x00000231fa009680 Thread added: 0x00000231fa009680
Event: 0.046 Thread 0x00000231fa00cbd0 Thread added: 0x00000231fa00cbd0
Event: 0.046 Thread 0x00000231fa00d550 Thread added: 0x00000231fa00d550
Event: 0.078 Thread 0x00000231f9fc76b0 Thread added: 0x00000231f9fc76b0
Event: 0.123 Thread 0x00000231fe5720c0 Thread added: 0x00000231fe5720c0
Event: 0.139 Thread 0x00000231fe707470 Thread added: 0x00000231fe707470
Event: 0.139 Thread 0x00000231fe57cae0 Thread added: 0x00000231fe57cae0
Event: 0.317 Thread 0x00000231fe8e2970 Thread added: 0x00000231fe8e2970
Event: 0.318 Thread 0x00000231fe7fdf70 Thread added: 0x00000231fe7fdf70
Event: 0.319 Thread 0x00000231fe8e4ed0 Thread added: 0x00000231fe8e4ed0
Event: 0.329 Thread 0x00000231fe91f550 Thread added: 0x00000231fe91f550
Event: 0.671 Thread 0x00000231fef4bb00 Thread added: 0x00000231fef4bb00
Event: 0.671 Thread 0x00000231fef4c050 Thread added: 0x00000231fef4c050
Event: 0.674 Thread 0x00000231d42a1610 Thread added: 0x00000231d42a1610
Event: 0.677 Thread 0x00000231d42a1b60 Thread added: 0x00000231d42a1b60
Event: 0.678 Thread 0x00000231d42a4b30 Thread added: 0x00000231d42a4b30
Event: 1.134 Thread 0x00000231d42a30a0 Thread added: 0x00000231d42a30a0
Event: 1.159 Thread 0x00000231d42a8050 Thread added: 0x00000231d42a8050


Dynamic libraries:
0x00007ff6b5ee0000 - 0x00007ff6b5eee000 	C:\Users\GAMING\.jdks\openjdk-20.0.2\bin\java.exe
0x00007fff43350000 - 0x00007fff43567000 	C:\WINDOWS\SYSTEM32\ntdll.dll
0x00007fff41c20000 - 0x00007fff41ce4000 	C:\WINDOWS\System32\KERNEL32.DLL
0x00007fff40910000 - 0x00007fff40cb6000 	C:\WINDOWS\System32\KERNELBASE.dll
0x00007fff40730000 - 0x00007fff40841000 	C:\WINDOWS\System32\ucrtbase.dll
0x00007fff38d70000 - 0x00007fff38d87000 	C:\Users\GAMING\.jdks\openjdk-20.0.2\bin\jli.dll
0x00007fff38d50000 - 0x00007fff38d6b000 	C:\Users\GAMING\.jdks\openjdk-20.0.2\bin\VCRUNTIME140.dll
0x00007fff410a0000 - 0x00007fff4124e000 	C:\WINDOWS\System32\USER32.dll
0x00007fff40d40000 - 0x00007fff40d66000 	C:\WINDOWS\System32\win32u.dll
0x00007fff43020000 - 0x00007fff43049000 	C:\WINDOWS\System32\GDI32.dll
0x00007fff40d70000 - 0x00007fff40e88000 	C:\WINDOWS\System32\gdi32full.dll
0x00007fff41000000 - 0x00007fff4109a000 	C:\WINDOWS\System32\msvcp_win.dll
0x00007fff2e780000 - 0x00007fff2ea13000 	C:\WINDOWS\WinSxS\amd64_microsoft.windows.common-controls_6595b64144ccf1df_6.0.22621.2506_none_270c5ae97388e100\COMCTL32.dll
0x00007fff41e20000 - 0x00007fff41ec7000 	C:\WINDOWS\System32\msvcrt.dll
0x00007fff42e90000 - 0x00007fff42ec1000 	C:\WINDOWS\System32\IMM32.DLL
0x000000005e1d0000 - 0x000000005e1dc000 	C:\Program Files (x86)\360\Total Security\safemon\SafeWrapper.dll
0x00007fff41af0000 - 0x00007fff41ba1000 	C:\WINDOWS\System32\ADVAPI32.dll
0x00007fff422c0000 - 0x00007fff42365000 	C:\WINDOWS\System32\sechost.dll
0x00007fff419d0000 - 0x00007fff41ae7000 	C:\WINDOWS\System32\RPCRT4.dll
0x00007ffef94a0000 - 0x00007ffef9532000 	C:\Program Files (x86)\360\Total Security\safemon\libzdtp64.dll
0x00007fff42630000 - 0x00007fff42e8a000 	C:\WINDOWS\System32\SHELL32.dll
0x00007fff41cf0000 - 0x00007fff41d4e000 	C:\WINDOWS\System32\SHLWAPI.dll
0x00007fff40090000 - 0x00007fff4009a000 	C:\WINDOWS\SYSTEM32\VERSION.dll
0x00007fff3beb0000 - 0x00007fff3bebc000 	C:\Users\GAMING\.jdks\openjdk-20.0.2\bin\vcruntime140_1.dll
0x00007fff2c2d0000 - 0x00007fff2c35e000 	C:\Users\GAMING\.jdks\openjdk-20.0.2\bin\msvcp140.dll
0x00007ffedc390000 - 0x00007ffedd028000 	C:\Users\GAMING\.jdks\openjdk-20.0.2\bin\server\jvm.dll
0x00007fff29440000 - 0x00007fff29449000 	C:\WINDOWS\SYSTEM32\WSOCK32.dll
0x00007fff431e0000 - 0x00007fff43251000 	C:\WINDOWS\System32\WS2_32.dll
0x00007fff38b90000 - 0x00007fff38bc4000 	C:\WINDOWS\SYSTEM32\WINMM.dll
0x00007fff3f610000 - 0x00007fff3f628000 	C:\WINDOWS\SYSTEM32\kernel.appcore.dll
0x00007fff3bd00000 - 0x00007fff3bd0a000 	C:\Users\GAMING\.jdks\openjdk-20.0.2\bin\jimage.dll
0x00007fff36850000 - 0x00007fff36a83000 	C:\WINDOWS\SYSTEM32\DBGHELP.DLL
0x00007fff41f30000 - 0x00007fff422b9000 	C:\WINDOWS\System32\combase.dll
0x00007fff41260000 - 0x00007fff41337000 	C:\WINDOWS\System32\OLEAUT32.dll
0x00007fff278c0000 - 0x00007fff278f2000 	C:\WINDOWS\SYSTEM32\dbgcore.DLL
0x00007fff40cc0000 - 0x00007fff40d3a000 	C:\WINDOWS\System32\bcryptPrimitives.dll
0x00007fff38d40000 - 0x00007fff38d4e000 	C:\Users\GAMING\.jdks\openjdk-20.0.2\bin\instrument.dll
0x00007fff2f700000 - 0x00007fff2f726000 	C:\Users\GAMING\.jdks\openjdk-20.0.2\bin\java.dll
0x00007fff29fe0000 - 0x00007fff2a0b7000 	C:\Users\GAMING\.jdks\openjdk-20.0.2\bin\jsvml.dll
0x00007fff3e520000 - 0x00007fff3ee16000 	C:\WINDOWS\SYSTEM32\windows.storage.dll
0x00007fff3e3e0000 - 0x00007fff3e51e000 	C:\WINDOWS\SYSTEM32\wintypes.dll
0x00007fff430d0000 - 0x00007fff431c3000 	C:\WINDOWS\System32\SHCORE.dll
0x00007fff405f0000 - 0x00007fff40616000 	C:\WINDOWS\SYSTEM32\profapi.dll
0x00007fff2dac0000 - 0x00007fff2dad8000 	C:\Users\GAMING\.jdks\openjdk-20.0.2\bin\zip.dll
0x00007fff2c2b0000 - 0x00007fff2c2c3000 	C:\Users\GAMING\.jdks\openjdk-20.0.2\bin\net.dll
0x00007fff393c0000 - 0x00007fff394f7000 	C:\WINDOWS\SYSTEM32\WINHTTP.dll
0x00007fff3fa80000 - 0x00007fff3fae9000 	C:\WINDOWS\system32\mswsock.dll
0x00007fff2c290000 - 0x00007fff2c2a6000 	C:\Users\GAMING\.jdks\openjdk-20.0.2\bin\nio.dll
0x00007fff2c270000 - 0x00007fff2c28a000 	C:\Users\GAMING\AppData\Local\JetBrains\Toolbox\apps\IDEA-C\ch-0\232.9559.62\bin\breakgen64.dll
0x00007fff38d30000 - 0x00007fff38d37000 	C:\Users\GAMING\.jdks\openjdk-20.0.2\bin\extnet.dll
0x00007fff042e0000 - 0x00007fff04470000 	C:\Users\GAMING\.jdks\openjdk-20.0.2\bin\awt.dll
0x00007fff3d980000 - 0x00007fff3da17000 	C:\WINDOWS\SYSTEM32\apphelp.dll
0x00007fff3db40000 - 0x00007fff3dbeb000 	C:\WINDOWS\system32\uxtheme.dll
0x00007fff42ed0000 - 0x00007fff43020000 	C:\WINDOWS\System32\MSCTF.dll
0x00007fff41340000 - 0x00007fff414e0000 	C:\WINDOWS\System32\ole32.dll
0x00007fff3dda0000 - 0x00007fff3ddcb000 	C:\WINDOWS\system32\DWMAPI.DLL
0x00007fff1bca0000 - 0x00007fff1bda0000 	C:\WINDOWS\system32\opengl32.dll
0x00007fff1bc70000 - 0x00007fff1bc9d000 	C:\WINDOWS\SYSTEM32\GLU32.dll
0x00007fff3dc40000 - 0x00007fff3dc76000 	C:\WINDOWS\SYSTEM32\dxcore.dll
0x00007fff24160000 - 0x00007fff24309000 	C:\WINDOWS\system32\d3d9.dll
0x00007fff36270000 - 0x00007fff3642b000 	C:\WINDOWS\System32\DriverStore\FileRepository\u0391129.inf_amd64_7a819ad751ab7622\B390488\aticfx64.dll
0x00007fff2c230000 - 0x00007fff2c264000 	C:\WINDOWS\System32\DriverStore\FileRepository\u0391129.inf_amd64_7a819ad751ab7622\B390488\atiu9p64.dll
0x00007ffecaa00000 - 0x00007ffecb755000 	C:\WINDOWS\System32\DriverStore\FileRepository\u0391129.inf_amd64_7a819ad751ab7622\B390488\atiumd64.dll
0x000000005ccd0000 - 0x000000005dbf8000 	C:\WINDOWS\System32\DriverStore\FileRepository\u0391129.inf_amd64_7a819ad751ab7622\B390488\atiumd6a.dll
0x00007fff41530000 - 0x00007fff419a4000 	C:\WINDOWS\System32\SETUPAPI.dll
0x00007fff40590000 - 0x00007fff405dd000 	C:\WINDOWS\SYSTEM32\POWRPROF.dll
0x00007fff3ff10000 - 0x00007fff3ff38000 	C:\WINDOWS\SYSTEM32\bcrypt.dll
0x00007fff40570000 - 0x00007fff40583000 	C:\WINDOWS\SYSTEM32\UMPDC.dll
0x00007fff356f0000 - 0x00007fff35725000 	C:\WINDOWS\SYSTEM32\amdihk64.dll
0x00007fff39d50000 - 0x00007fff39d9a000 	C:\WINDOWS\SYSTEM32\directxdatabasehelper.dll
0x00007ffec99b0000 - 0x00007ffeca9fc000 	C:\Users\GAMING\.skiko\0de0d8dd8554d9bb66cfca3837db6514ff9b71080e998917280a3b777460a416\skiko-windows-x64.dll
0x00007fff29f50000 - 0x00007fff29fd6000 	C:\Users\GAMING\.jdks\openjdk-20.0.2\bin\freetype.dll
0x00007fff1b580000 - 0x00007fff1b653000 	C:\Users\GAMING\.jdks\openjdk-20.0.2\bin\fontmanager.dll
0x00007fff2c220000 - 0x00007fff2c227000 	C:\Users\GAMING\.jdks\openjdk-20.0.2\bin\jawt.dll
0x00007fff3dc80000 - 0x00007fff3dd78000 	C:\WINDOWS\SYSTEM32\Dxgi.dll
0x00007fff2f900000 - 0x00007fff2f929000 	C:\WINDOWS\SYSTEM32\D3D12.dll
0x00007fff040d0000 - 0x00007fff042d3000 	C:\WINDOWS\SYSTEM32\D3D12Core.dll
0x00007fff40270000 - 0x00007fff402be000 	C:\WINDOWS\SYSTEM32\cfgmgr32.dll
0x00007fff34bf0000 - 0x00007fff34c1f000 	C:\WINDOWS\SYSTEM32\D3DSCache.dll
0x00007fff3fb30000 - 0x00007fff3fb5c000 	C:\WINDOWS\SYSTEM32\USERENV.dll
0x00007fff33520000 - 0x00007fff337a5000 	C:\WINDOWS\SYSTEM32\twinapi.appcore.dll
0x00007fff3c550000 - 0x00007fff3c7c3000 	C:\WINDOWS\SYSTEM32\dwrite.dll

dbghelp: loaded successfully - version: 4.0.5 - missing functions: none
symbol engine: initialized successfully - sym options: 0x614 - pdb path: .;C:\Users\GAMING\.jdks\openjdk-20.0.2\bin;C:\WINDOWS\SYSTEM32;C:\WINDOWS\WinSxS\amd64_microsoft.windows.common-controls_6595b64144ccf1df_6.0.22621.2506_none_270c5ae97388e100;C:\Program Files (x86)\360\Total Security\safemon;C:\Users\GAMING\.jdks\openjdk-20.0.2\bin\server;C:\Users\GAMING\AppData\Local\JetBrains\Toolbox\apps\IDEA-C\ch-0\232.9559.62\bin;C:\WINDOWS\System32\DriverStore\FileRepository\u0391129.inf_amd64_7a819ad751ab7622\B390488;C:\Users\GAMING\.skiko\0de0d8dd8554d9bb66cfca3837db6514ff9b71080e998917280a3b777460a416

VM Arguments:
jvm_args: -javaagent:C:\Users\GAMING\AppData\Local\JetBrains\Toolbox\apps\IDEA-C\ch-0\232.9559.62\lib\idea_rt.jar=50005:C:\Users\GAMING\AppData\Local\JetBrains\Toolbox\apps\IDEA-C\ch-0\232.9559.62\bin -Dfile.encoding=UTF-8 -Dsun.stdout.encoding=UTF-8 -Dsun.stderr.encoding=UTF-8 
java_command: MainKt
java_class_path (initial): C:\Users\GAMING\IdeaProjects\Julia\build\classes\kotlin\main;C:\Users\GAMING\.gradle\caches\modules-2\files-2.1\org.jetbrains.kotlin\kotlin-stdlib-jdk8\1.8.20\73576ddf378c5b4f1f6b449fe6b119b8183fc078\kotlin-stdlib-jdk8-1.8.20.jar;C:\Users\GAMING\.gradle\caches\modules-2\files-2.1\org.jetbrains.kotlin\kotlin-stdlib-jdk7\1.8.20\3aa51faf20aae8b31e1a4bc54f8370673d7b7df4\kotlin-stdlib-jdk7-1.8.20.jar;C:\Users\GAMING\.gradle\caches\modules-2\files-2.1\org.jetbrains.kotlin\kotlin-stdlib\1.8.20\e72fc5e03ec6c064c678a6bd0d955c88d55b0c4a\kotlin-stdlib-1.8.20.jar;C:\Users\GAMING\.gradle\caches\modules-2\files-2.1\org.jetbrains.compose.desktop\desktop-jvm\1.4.1\922ebea5ab9e202ee66ab4f4f567a74184eddbc1\desktop-jvm-1.4.1.jar;C:\Users\GAMING\.gradle\caches\modules-2\files-2.1\org.jetbrains.kotlin\kotlin-stdlib-common\1.8.20\5eddaaf234c8c49d03eebeb6a14feb7f90faca71\kotlin-stdlib-common-1.8.20.jar;C:\Users\GAMING\.gradle\caches\modules-2\files-2.1\org.jetbrains\annotations\13.0\919f0dfe192fb4e063e7dacadee7f8bb9a2672a9\annotations-13.0.jar;C:\Users\GAMING\.gradle\caches\modules-2\files-2.1\org.jetbrains.compose.material\material-desktop\1.4.1\f478f814ee2fb95aba5a206e48c33b912cc66ff1\material-desktop-1.4.1.jar;C:\Users\GAMING\.gradle\caches\modules-2\files-2.1\org.jetbrains.compose.foundation\foundation-desktop\1.4.1\3af50bcd26973491ed32b251d234fae55c0b3c97\foundation-desktop-1.4.1.jar;C:\Users\GAMING\.gradle\caches\modules-2\files-2.1\org.jetbrains.compose.ui\ui-desktop\1.4.1\5005c7404c035c267cac2ec8b9dd08ca65766a04\ui-desktop-1.4.1.jar;C:\Users\GAMING\.gradle\caches\modules-2\files-2.1\org.jetbrains.compose.ui\ui-tooling-preview-desktop\1.4.1\16e8e3a0dd0d52b5e4877a54bc345668ba23428d\ui-tooling-preview-desktop-1.4.1.jar;C:\Users\GAMING\.gradle\caches\modules-2\files-2.1\org.jetbrains.compose.runtime\runtime-desktop\1.4.1\b268d41542ceb3c8d5d101222c14330874c5d8e6\runtime-desktop-1.4.1.jar;C:\Users\GAMING\.gradle\caches\modules-2\files-2.1\org.jetbrains.compose.material\material-ripple-desktop\1.4.1\4c42972aefc0908954af022d213e4c6d00daf288\material-ripple-desktop-1.4.1.jar;C:\Users\GAMING\.gradle\caches\modules-2\files-2.1\org.jetbrains.compose.material\material-icons-core-desktop\1.4.1\26323c8bdd56b7587adb49ccde9b54f6c6d4f66c\material-icons-core-desktop-1.4.1.jar;C:\Users\GAMING\.gradle\caches\modules-2\files-2.1\org.jetbrains.compose.ui\ui-text-desktop\1.4.1\d8c913f93cf15ebd065996473e228c5353b0d94d\ui-text-desktop-1.4.1.jar;C:\Users\GAMING\.gradle\caches\modules-2\files-2.1\org.jetbrains.compose.animation\animation-core-desktop\1.4.1\44c90efd68332262293d06a2c07585cc7b9fa8b5\animation-core-desktop-1.4.1.jar;C:\Users\GAMING\.gradle\caches\modules-2\files-2.1\org.jetbrains.compose.animation\animation-desktop\1.4.1\1155347d9aa6281e0805cb5b9707ed7e89e345b1\animation-desktop-1.4.1.jar;C:\Users\GAMING\.gradle\caches\modules-2\files-2.1\org.jetbrains.skiko\skiko-awt\0.7.63\4da1aa9929b9cc7d10295db9d71aec62c34c7842\skiko-awt-0.7.63.jar;C:\Users\GAMING\.gradle\caches\modules-2\files-2.1\org.jetbrains.compose.ui\ui-graphics-desktop\1.4.1\3b05e5c92bb6a4e92266359905c7e0866fdcc3ea\ui-graphics-desktop-1.4.1.jar;C:\Users\GAMING\.gradle\caches\modules-2\files-2.1\org.jetbrains.compose.runtime\runtime-saveable-desktop\1.4.1\2bb14fd8fe4ab551a04330a4431187de2ecb1c2a\runtime-saveable-desktop-1.4.1.jar;C:\Users\GAMING\.gradle\caches\modules-2\files-2.1\org.jetbrains.compose.ui\ui-unit-desktop\1.4.1\ce79e803d4f0b33631c958f64ff36a7010580d16\ui-unit-desktop-1.4.1.jar;C:\Users\GAMING\.gradle\caches\modules-2\files-2.1\org.jetbrains.compose.ui\ui-geometry-desktop\1.4.1\81ea1ab414ba9926972708e9f4ca7ac499cd9137\ui-geometry-desktop-1.4.1.jar;C:\Users\GAMING\.gradle\caches\modules-2\files-2.1\org.jetbrains.kotlinx\kotlinx-coroutines-core-jvm\1.6.4\2c997cd1c0ef33f3e751d3831929aeff1390cb30\kotlinx-coroutines-core-jvm-1.6.4.jar;C:\Users\GAMING\.gradle\caches\modules-2\files-2.1\org.jetbrains.compose.foundation\foundation-layout-desktop\1.4.1\24afb95a5aa95d3fd0b7379ad7555931ce739f0c\foundation-layout-desktop-1.4.1.jar;C:\Users\GAMING\.gradle\caches\modules-2\files-2.1\org.jetbrains.skiko\skiko-awt-runtime-windows-x64\0.7.63\a1e930529804f43fff759466a08acdafcc8909a1\skiko-awt-runtime-windows-x64-0.7.63.jar;C:\Users\GAMING\.gradle\caches\modules-2\files-2.1\org.jetbrains.compose.ui\ui-util-desktop\1.4.1\3c3db20f77732f5874778c90cb589aba74ca81f3\ui-util-desktop-1.4.1.jar;C:\Users\GAMING\.gradle\caches\modules-2\files-2.1\org.jetbrains.kotlinx\atomicfu-jvm\0.17.0\d3d2e380b6ee28231118101d09ae6dd06a1db1cb\atomicfu-jvm-0.17.0.jar
Launcher Type: SUN_STANDARD

[Global flags]
     intx CICompilerCount                          = 4                                         {product} {ergonomic}
     uint ConcGCThreads                            = 3                                         {product} {ergonomic}
     uint G1ConcRefinementThreads                  = 10                                        {product} {ergonomic}
   size_t G1HeapRegionSize                         = 1048576                                   {product} {ergonomic}
    uintx GCDrainStackTargetSize                   = 64                                        {product} {ergonomic}
   size_t InitialHeapSize                          = 98566144                                  {product} {ergonomic}
   size_t MarkStackSize                            = 4194304                                   {product} {ergonomic}
   size_t MaxHeapSize                              = 1572864000                                {product} {ergonomic}
   size_t MaxNewSize                               = 943718400                                 {product} {ergonomic}
   size_t MinHeapDeltaBytes                        = 1048576                                   {product} {ergonomic}
   size_t MinHeapSize                              = 8388608                                   {product} {ergonomic}
    uintx NonNMethodCodeHeapSize                   = 5839372                                {pd product} {ergonomic}
    uintx NonProfiledCodeHeapSize                  = 122909434                              {pd product} {ergonomic}
    uintx ProfiledCodeHeapSize                     = 122909434                              {pd product} {ergonomic}
    uintx ReservedCodeCacheSize                    = 251658240                              {pd product} {ergonomic}
     bool SegmentedCodeCache                       = true                                      {product} {ergonomic}
   size_t SoftMaxHeapSize                          = 1572864000                             {manageable} {ergonomic}
     bool UseCompressedClassPointers               = true                           {product lp64_product} {ergonomic}
     bool UseCompressedOops                        = true                           {product lp64_product} {ergonomic}
     bool UseG1GC                                  = true                                      {product} {ergonomic}
     bool UseLargePagesIndividualAllocation        = false                                  {pd product} {ergonomic}

Logging:
Log output configuration:
 #0: stdout all=warning uptime,level,tags foldmultilines=false
 #1: stderr all=off uptime,level,tags foldmultilines=false

Environment Variables:
PATH=C:\Program Files (x86)\Common Files\Intel\Shared Libraries\redist\intel64_win\compiler;C:\Program Files (x86)\Common Files\Oracle\Java\javapath;C:\ProgramData\Oracle\Java\javapath;C:\Windows\system32;C:\Windows;C:\Windows\System32\Wbem;C:\Windows\System32\WindowsPowerShell\v1.0\;C:\Windows\System32\OpenSSH\;C:\Program Files\NVIDIA Corporation\NVIDIA NvDLISR;C:\Program Files (x86)\NVIDIA Corporation\PhysX\Common;C:\Program Files (x86)\AMD\ATI.ACE\Core-Static;C:\WINDOWS\system32;C:\WINDOWS;C:\WINDOWS\System32\Wbem;C:\WINDOWS\System32\WindowsPowerShell\v1.0\;C:\WINDOWS\System32\OpenSSH\;C:\Program Files\nodejs\;C:\WINDOWS\system32;C:\WINDOWS;C:\WINDOWS\System32\Wbem;C:\WINDOWS\System32\WindowsPowerShell\v1.0\;C:\WINDOWS\System32\OpenSSH\;C:\Program Files\dotnet\;C:\Strawberry\c\bin;C:\Strawberry\perl\site\bin;C:\Strawberry\perl\bin;C:\Program Files\Git\cmd;C:\Program Files\MySQL\MySQL Shell 8.0\bin\;C:\Users\GAMING\AppData\Local\Microsoft\WindowsApps;C:\Users\GAMING\AppData\Local\Programs\Microsoft VS Code\bin;C:\Users\GAMING\AppData\Roaming\npm;C:\Program Files\PostgreSQL\15\bin;C:\Users\GAMING\.dotnet\tools;C:\Users\GAMING\AppData\Local\Programs\MiKTeX\miktex\bin\x64\;C:\Users\GAMING\AppData\Local\JetBrains\Toolbox\scripts;
USERNAME=RAIL
OS=Windows_NT
PROCESSOR_IDENTIFIER=AMD64 Family 25 Model 80 Stepping 0, AuthenticAMD
TMP=C:\Users\GAMING\AppData\Local\Temp
TEMP=C:\Users\GAMING\AppData\Local\Temp




---------------  S Y S T E M  ---------------

OS:
 Windows 11 , 64 bit Build 22621 (10.0.22621.2506)
OS uptime: 6 days 3:47 hours
Hyper-V role detected

CPU: total 12 (initial active 12) (12 cores per cpu, 2 threads per core) family 25 model 80 stepping 0 microcode 0x0, cx8, cmov, fxsr, ht, mmx, 3dnowpref, sse, sse2, sse3, ssse3, sse4a, sse4.1, sse4.2, popcnt, lzcnt, tsc, tscinvbit, avx, avx2, aes, erms, clmul, bmi1, bmi2, adx, sha, fma, vzeroupper, clflush, clflushopt, hv, rdtscp, rdpid, fsrm, f16c, cet_ss

Memory: 4k page, system-wide physical 5996M (454M free)
TotalPageFile size 15774M (AvailPageFile size 2611M)
current process WorkingSet (physical memory assigned to process): 118M, peak: 157M
current process commit charge ("private bytes"): 236M, peak: 271M

vm_info: OpenJDK 64-Bit Server VM (20.0.2+9-78) for windows-amd64 JRE (20.0.2+9-78), built on 2023-06-14T10:08:48Z by "mach5one" with MS VC++ 17.1 (VS2022)

END.
