#
# A fatal error has been detected by the Java Runtime Environment:
#
#  EXCEPTION_ACCESS_VIOLATION (0xc0000005) at pc=0x00007ffdeba05271, pid=20236, tid=2576
#
# JRE version: OpenJDK Runtime Environment (20.0.2+9) (build 20.0.2+9-78)
# Java VM: OpenJDK 64-Bit Server VM (20.0.2+9-78, mixed mode, sharing, tiered, compressed oops, compressed class ptrs, g1 gc, windows-amd64)
# Problematic frame:
# C  [skiko-windows-x64.dll+0x3d5271]
#
# No core dump will be written. Minidumps are not enabled by default on client versions of Windows
#
# If you would like to submit a bug report, please visit:
#   https://bugreport.java.com/bugreport/crash.jsp
# The crash happened outside the Java Virtual Machine in native code.
# See problematic frame for where to report the bug.
#

---------------  S U M M A R Y ------------

Command Line: -javaagent:C:\Users\GAMING\AppData\Local\JetBrains\Toolbox\apps\IDEA-C\ch-0\232.9559.62\lib\idea_rt.jar=63041:C:\Users\GAMING\AppData\Local\JetBrains\Toolbox\apps\IDEA-C\ch-0\232.9559.62\bin -Dfile.encoding=UTF-8 -Dsun.stdout.encoding=UTF-8 -Dsun.stderr.encoding=UTF-8 MainKt

Host: AMD Ryzen 5 5600H with Radeon Graphics         , 12 cores, 5G,  Windows 11 , 64 bit Build 22621 (10.0.22621.2506)
Time: Mon Dec 18 19:08:15 2023 RTZ 2 (s 11 , 64 bit Build 22621 (10.0.22621.2506) elapsed time: 1.515203 seconds (0d 0h 0m 1s)

---------------  T H R E A D  ---------------

Current thread (0x0000018713ba6b30):  JavaThread "DefaultDispatcher-worker-8" daemon [_thread_in_native, id=2576, stack(0x0000007155e00000,0x0000007155f00000)]

Stack: [0x0000007155e00000,0x0000007155f00000],  sp=0x0000007155efea10,  free space=1018k
Native frames: (J=compiled Java code, j=interpreted, Vv=VM code, C=native code)
C  [skiko-windows-x64.dll+0x3d5271]

Java frames: (J=compiled Java code, j=interpreted, Vv=VM code)
j  org.jetbrains.skia.CanvasKt._nDrawRect(JFFFFJ)V+0
j  org.jetbrains.skia.CanvasKt.access$_nDrawRect(JFFFFJ)V+9
j  org.jetbrains.skia.Canvas.drawRect(Lorg/jetbrains/skia/Rect;Lorg/jetbrains/skia/Paint;)Lorg/jetbrains/skia/Canvas;+46
j  androidx.compose.ui.graphics.SkiaBackedCanvas.drawRect(FFFFLandroidx/compose/ui/graphics/Paint;)V+28
j  androidx.compose.ui.graphics.drawscope.CanvasDrawScope.drawRect-n-J9OG0(JJJFLandroidx/compose/ui/graphics/drawscope/DrawStyle;Landroidx/compose/ui/graphics/ColorFilter;I)V+59
j  androidx.compose.ui.node.LayoutNodeDrawScope.drawRect-n-J9OG0(JJJFLandroidx/compose/ui/graphics/drawscope/DrawStyle;Landroidx/compose/ui/graphics/ColorFilter;I)V+23
j  androidx.compose.ui.graphics.drawscope.DrawScope.drawRect-n-J9OG0$default(Landroidx/compose/ui/graphics/drawscope/DrawScope;JJJFLandroidx/compose/ui/graphics/drawscope/DrawStyle;Landroidx/compose/ui/graphics/ColorFilter;IILjava/lang/Object;)V+116
j  MainKt$drawJuliaSet$1$jobs$1$1.invokeSuspend(Ljava/lang/Object;)Ljava/lang/Object;+222
j  kotlin.coroutines.jvm.internal.BaseContinuationImpl.resumeWith(Ljava/lang/Object;)V+44
j  kotlinx.coroutines.DispatchedTask.run()V+314
j  kotlinx.coroutines.scheduling.CoroutineScheduler.runSafely(Lkotlinx/coroutines/scheduling/Task;)V+2
j  kotlinx.coroutines.scheduling.CoroutineScheduler$Worker.executeTask(Lkotlinx/coroutines/scheduling/Task;)V+30
j  kotlinx.coroutines.scheduling.CoroutineScheduler$Worker.runWorker()V+44
j  kotlinx.coroutines.scheduling.CoroutineScheduler$Worker.run()V+1
v  ~StubRoutines::call_stub 0x00000186be8d100d

siginfo: EXCEPTION_ACCESS_VIOLATION (0xc0000005), writing address 0x0000000000000060


Registers:
RAX=0x00000187141faae8, RBX=0x00000187141faa88, RCX=0x00000187141faa88, RDX=0x00000187142a0e80
RSP=0x0000007155efea10, RBP=0x00000187142a0e80, RSI=0x0000000000000060, RDI=0x0000018714324540
R8 =0x00000187141faa88, R9 =0x0000000000000001, R10=0x0000000000000003, R11=0x0000007155efe970
R12=0x0000000000000000, R13=0x000001870d538670, R14=0x0000007155efeab0, R15=0x0000018713ba6b30
RIP=0x00007ffdeba05271, EFLAGS=0x0000000000010297


Register to memory mapping:

RIP=0x00007ffdeba05271 skiko-windows-x64.dll
RAX=0x00000187141faae8 points into unknown readable memory: 0x0000000000000000 | 00 00 00 00 00 00 00 00
RBX=0x00000187141faa88 points into unknown readable memory: 0x11000000d3008901 | 01 89 00 d3 00 00 00 11
RCX=0x00000187141faa88 points into unknown readable memory: 0x11000000d3008901 | 01 89 00 d3 00 00 00 11
RDX=0x00000187142a0e80 points into unknown readable memory: 0x0000000000000000 | 00 00 00 00 00 00 00 00
RSP=0x0000007155efea10 is pointing into the stack for thread: 0x0000018713ba6b30
RBP=0x00000187142a0e80 points into unknown readable memory: 0x0000000000000000 | 00 00 00 00 00 00 00 00
RSI=0x0000000000000060 is an unknown value
RDI=0x0000018714324540 points into unknown readable memory: 0x000001874127e051 | 51 e0 27 41 87 01 00 00
R8 =0x00000187141faa88 points into unknown readable memory: 0x11000000d3008901 | 01 89 00 d3 00 00 00 11
R9 =0x0000000000000001 is an unknown value
R10=0x0000000000000003 is an unknown value
R11=0x0000007155efe970 is pointing into the stack for thread: 0x0000018713ba6b30
R12=0x0 is NULL
R13={method} {0x000001870d538678} '_nDrawRect' '(JFFFFJ)V' in 'org/jetbrains/skia/CanvasKt'
R14=0x0000007155efeab0 is pointing into the stack for thread: 0x0000018713ba6b30
R15=0x0000018713ba6b30 is a thread


Top of Stack: (sp=0x0000007155efea10)
0x0000007155efea10:   0000000000000000 0000007100000000
0x0000007155efea20:   000001870d433df8 0000000000000000
0x0000007155efea30:   0000000000000000 00007ffdeb7af78d
0x0000007155efea40:   00007ffdec5be210 00000187142a0e80
0x0000007155efea50:   0000018710d82480 0000007155efeb18
0x0000007155efea60:   00000000a788c590 00000186be8ef897
0x0000007155efea70:   00000000fffefefe 00000187142a0e80
0x0000007155efea80:   00009342173e570e 00000186be8ede8a
0x0000007155efea90:   0000000000000000 0000007155efec40
0x0000007155efeaa0:   000001870d538670 0000000000000000
0x0000007155efeab0:   0000000040e00000 3f80000041000000
0x0000007155efeac0:   0000190ddd181cb8 00007ffdf4abb7f5
0x0000007155efead0:   0000007155efec40 0000000000001305
0x0000007155efeae0:   0000000000000110 00007ffdeb680495
0x0000007155efeaf0:   000001870d538670 000001870d538670
0x0000007155efeb00:   0000000000001305 0000007155efebe8
0x0000007155efeb10:   0000000040e00000 3f80000041000000
0x0000007155efeb20:   0000190ddd181c08 000001870d42d278
0x0000007155efeb30:   0000000000000000 00000186be8f1ff3
0x0000007155efeb40:   0000007155efebb0 00000186be8ede8a
0x0000007155efeb50:   0000000000000000 00000000fffefefe
0x0000007155efeb60:   0000000000000000 0000007141000000
0x0000007155efeb70:   000001873f800000 00000187142a0e80
0x0000007155efeb80:   000001870d42a908 0000000000000000
0x0000007155efeb90:   00000000a7875b88 000001870d428f60
0x0000007155efeba0:   0000007155efeba0 000001870d538670
0x0000007155efebb0:   0000007155efec40 000001870d53bc78
0x0000007155efebc0:   0000000000000000 00000000a73107d0
0x0000007155efebd0:   000001870d538670 0000000000000000
0x0000007155efebe0:   0000007155efec08 0000007155efec90
0x0000007155efebf0:   00000186be8ede8a 00000000a73107d0
0x0000007155efec00:   00000186be8ef897 00000187142a0e80 

Instructions: (pc=0x00007ffdeba05271)
0x00007ffdeba05171:   53 70 89 83 80 00 00 00 48 8b 5c 24 30 48 83 c4
0x00007ffdeba05181:   20 41 5e c3 cc cc cc cc cc cc cc cc cc cc cc cc
0x00007ffdeba05191:   cc cc cc cc cc cc cc cc cc cc cc cc cc cc cc cc
0x00007ffdeba051a1:   cc cc cc cc cc cc cc cc cc cc cc cc cc cc cc cc
0x00007ffdeba051b1:   cc cc cc cc cc cc cc cc cc cc cc cc cc cc cc cc
0x00007ffdeba051c1:   cc cc cc cc cc cc cc cc cc cc cc cc cc cc cc 48
0x00007ffdeba051d1:   89 5c 24 08 48 89 6c 24 10 48 89 74 24 18 48 89
0x00007ffdeba051e1:   7c 24 20 41 56 48 83 ec 20 48 8b 99 a8 0c 00 00
0x00007ffdeba051f1:   49 8b e8 4c 8b f2 8b 4b 10 3b 4b 14 75 0b 48 8b
0x00007ffdeba05201:   cb e8 5f 7e c4 ff 8b 4b 10 8d 41 01 48 63 f1 89
0x00007ffdeba05211:   43 10 48 8d 7b 20 48 c1 e6 04 48 03 73 18 48 83
0x00007ffdeba05221:   43 40 68 4c 8b 47 08 48 8b 4f 10 49 8b d0 48 f7
0x00007ffdeba05231:   da 49 2b c8 83 e2 07 48 8d 42 60 48 3b c1 76 1e
0x00007ffdeba05241:   ba 60 00 00 00 48 8b cf 44 8d 42 a8 e8 fb 28 c4
0x00007ffdeba05251:   ff 4c 8b 47 08 49 8b d0 48 f7 da 83 e2 07 4a 8d
0x00007ffdeba05261:   1c 02 48 8b d5 48 8d 43 60 48 8b cb 48 89 47 08
0x00007ffdeba05271:   c7 06 20 00 00 00 48 89 5e 08 e8 5a 05 c4 ff 41
0x00007ffdeba05281:   0f 10 06 48 8b 6c 24 38 48 8b 74 24 40 48 8b 7c
0x00007ffdeba05291:   24 48 0f 11 43 50 48 8b 5c 24 30 48 83 c4 20 41
0x00007ffdeba052a1:   5e c3 cc cc cc cc cc cc cc cc cc cc cc cc cc cc
0x00007ffdeba052b1:   cc cc cc cc cc cc cc cc cc cc cc cc cc cc cc cc
0x00007ffdeba052c1:   cc cc cc cc cc cc cc cc cc cc cc cc cc cc cc cc
0x00007ffdeba052d1:   cc cc cc cc cc cc cc cc cc cc cc cc cc cc cc 48
0x00007ffdeba052e1:   89 5c 24 08 48 89 6c 24 10 48 89 74 24 18 48 89
0x00007ffdeba052f1:   7c 24 20 41 56 48 83 ec 20 48 8b 99 a8 0c 00 00
0x00007ffdeba05301:   49 8b e8 4c 8b f2 8b 4b 10 3b 4b 14 75 0b 48 8b
0x00007ffdeba05311:   cb e8 4f 7d c4 ff 8b 4b 10 8d 41 01 48 63 f1 89
0x00007ffdeba05321:   43 10 48 8d 7b 20 48 c1 e6 04 48 03 73 18 48 83
0x00007ffdeba05331:   43 40 70 4c 8b 47 08 48 8b 4f 10 49 8b d0 48 f7
0x00007ffdeba05341:   da 49 2b c8 83 e2 07 48 8d 42 68 48 3b c1 76 1e
0x00007ffdeba05351:   ba 68 00 00 00 48 8b cf 44 8d 42 a0 e8 eb 27 c4
0x00007ffdeba05361:   ff 4c 8b 47 08 49 8b d0 48 f7 da 83 e2 07 4a 8d 


Stack slot to memory mapping:
stack at sp + 0 slots: 0x0 is NULL
stack at sp + 1 slots: 0x0000007100000000 is an unknown value
stack at sp + 2 slots: 0x000001870d433df8 is pointing into metadata
stack at sp + 3 slots: 0x0 is NULL
stack at sp + 4 slots: 0x0 is NULL
stack at sp + 5 slots: 0x00007ffdeb7af78d skiko-windows-x64.dll
stack at sp + 6 slots: 0x00007ffdec5be210 skiko-windows-x64.dll
stack at sp + 7 slots: 0x00000187142a0e80 points into unknown readable memory: 0x0000000000000000 | 00 00 00 00 00 00 00 00


---------------  P R O C E S S  ---------------

Threads class SMR info:
_java_thread_list=0x00000187144145f0, length=32, elements={
0x00000186af3055c0, 0x00000186cb58e810, 0x00000186cb58f410, 0x00000186cb5903a0,
0x00000186cb5921e0, 0x00000186cb593db0, 0x00000186cb59a710, 0x00000186cb59bac0,
0x00000186cb59d180, 0x00000186cb55e590, 0x0000018710a62290, 0x00000187109bcf10,
0x0000018710b72e40, 0x0000018710b73e30, 0x0000018710b738e0, 0x0000018710b70e60,
0x0000018710b71e50, 0x0000018713ba20d0, 0x0000018713ba7080, 0x0000018713ba65e0,
0x0000018713ba2b70, 0x0000018713ba6090, 0x0000018713ba3610, 0x0000018713ba2620,
0x0000018713ba10e0, 0x0000018713ba40b0, 0x0000018713ba6b30, 0x0000018713ba5b40,
0x0000018713ba30c0, 0x0000018713ba1630, 0x0000018713ba3b60, 0x00000187145c6020
}

Java Threads: ( => current thread )
  0x00000186af3055c0 JavaThread "main" [_thread_blocked, id=8476, stack(0x0000007152600000,0x0000007152700000)]
  0x00000186cb58e810 JavaThread "Reference Handler" daemon [_thread_blocked, id=15312, stack(0x0000007152d00000,0x0000007152e00000)]
  0x00000186cb58f410 JavaThread "Finalizer" daemon [_thread_blocked, id=14552, stack(0x0000007152e00000,0x0000007152f00000)]
  0x00000186cb5903a0 JavaThread "Signal Dispatcher" daemon [_thread_blocked, id=9836, stack(0x0000007152f00000,0x0000007153000000)]
  0x00000186cb5921e0 JavaThread "Attach Listener" daemon [_thread_blocked, id=1768, stack(0x0000007153000000,0x0000007153100000)]
  0x00000186cb593db0 JavaThread "Service Thread" daemon [_thread_blocked, id=13556, stack(0x0000007153100000,0x0000007153200000)]
  0x00000186cb59a710 JavaThread "Monitor Deflation Thread" daemon [_thread_blocked, id=9864, stack(0x0000007153200000,0x0000007153300000)]
  0x00000186cb59bac0 JavaThread "C2 CompilerThread0" daemon [_thread_blocked, id=4332, stack(0x0000007153300000,0x0000007153400000)]
  0x00000186cb59d180 JavaThread "C1 CompilerThread0" daemon [_thread_blocked, id=9376, stack(0x0000007153400000,0x0000007153500000)]
  0x00000186cb55e590 JavaThread "Common-Cleaner" daemon [_thread_blocked, id=12088, stack(0x0000007153500000,0x0000007153600000)]
  0x0000018710a62290 JavaThread "Monitor Ctrl-Break" daemon [_thread_in_native, id=12132, stack(0x0000007153600000,0x0000007153700000)]
  0x00000187109bcf10 JavaThread "Notification Thread" daemon [_thread_blocked, id=5852, stack(0x0000007153700000,0x0000007153800000)]
  0x0000018710b72e40 JavaThread "Java2D Disposer" daemon [_thread_blocked, id=19840, stack(0x0000007153900000,0x0000007153a00000)]
  0x0000018710b73e30 JavaThread "AWT-Shutdown" [_thread_blocked, id=9124, stack(0x0000007153a00000,0x0000007153b00000)]
  0x0000018710b738e0 JavaThread "AWT-Windows" daemon [_thread_in_native, id=8972, stack(0x0000007153b00000,0x0000007153c00000)]
  0x0000018710b70e60 JavaThread "AWT-EventQueue-0" [_thread_blocked, id=11780, stack(0x0000007153c00000,0x0000007153d00000)]
  0x0000018710b71e50 JavaThread "DefaultDispatcher-worker-1" daemon [_thread_in_native, id=16420, stack(0x0000007154700000,0x0000007154800000)]
  0x0000018713ba20d0 JavaThread "DefaultDispatcher-worker-2" daemon [_thread_in_native, id=14044, stack(0x0000007154800000,0x0000007154900000)]
  0x0000018713ba7080 JavaThread "DefaultDispatcher-worker-3" daemon [_thread_in_Java, id=14428, stack(0x0000007154900000,0x0000007154a00000)]
  0x0000018713ba65e0 JavaThread "kotlinx.coroutines.DefaultExecutor" daemon [_thread_blocked, id=10708, stack(0x0000007154a00000,0x0000007154b00000)]
  0x0000018713ba2b70 JavaThread "Reference Cleaner" daemon [_thread_blocked, id=9260, stack(0x0000007154b00000,0x0000007154c00000)]
  0x0000018713ba6090 JavaThread "D3D Screen Updater" daemon [_thread_in_native, id=13792, stack(0x0000007155900000,0x0000007155a00000)]
  0x0000018713ba3610 JavaThread "DefaultDispatcher-worker-4" daemon [_thread_in_native, id=1492, stack(0x0000007155a00000,0x0000007155b00000)]
  0x0000018713ba2620 JavaThread "DefaultDispatcher-worker-5" daemon [_thread_in_native, id=4700, stack(0x0000007155b00000,0x0000007155c00000)]
  0x0000018713ba10e0 JavaThread "DefaultDispatcher-worker-6" daemon [_thread_in_native, id=10612, stack(0x0000007155c00000,0x0000007155d00000)]
  0x0000018713ba40b0 JavaThread "DefaultDispatcher-worker-7" daemon [_thread_in_native, id=13984, stack(0x0000007155d00000,0x0000007155e00000)]
=>0x0000018713ba6b30 JavaThread "DefaultDispatcher-worker-8" daemon [_thread_in_native, id=2576, stack(0x0000007155e00000,0x0000007155f00000)]
  0x0000018713ba5b40 JavaThread "DefaultDispatcher-worker-9" daemon [_thread_in_native, id=2616, stack(0x0000007155f00000,0x0000007156000000)]
  0x0000018713ba30c0 JavaThread "DefaultDispatcher-worker-10" daemon [_thread_in_native, id=3520, stack(0x0000007156000000,0x0000007156100000)]
  0x0000018713ba1630 JavaThread "DefaultDispatcher-worker-11" daemon [_thread_in_native, id=19264, stack(0x0000007156100000,0x0000007156200000)]
  0x0000018713ba3b60 JavaThread "DefaultDispatcher-worker-12" daemon [_thread_in_native, id=5276, stack(0x0000007156200000,0x0000007156300000)]
  0x00000187145c6020 JavaThread "C2 CompilerThread1" daemon [_thread_blocked, id=18568, stack(0x0000007156300000,0x0000007156400000)]

Other Threads:
  0x00000186cb56dfd0 VMThread "VM Thread" [stack: 0x0000007152c00000,0x0000007152d00000] [id=1984]
  0x00000187109bd860 WatcherThread "VM Periodic Task Thread" [stack: 0x0000007153800000,0x0000007153900000] [id=15088]
  0x00000186af354370 WorkerThread "GC Thread#0" [stack: 0x0000007152700000,0x0000007152800000] [id=5900]
  0x0000018710b5af30 WorkerThread "GC Thread#1" [stack: 0x0000007154c00000,0x0000007154d00000] [id=17176]
  0x0000018710b5c010 WorkerThread "GC Thread#2" [stack: 0x0000007154d00000,0x0000007154e00000] [id=13876]
  0x0000018710b5b200 WorkerThread "GC Thread#3" [stack: 0x0000007154e00000,0x0000007154f00000] [id=17208]
  0x0000018710b5a6c0 WorkerThread "GC Thread#4" [stack: 0x0000007154f00000,0x0000007155000000] [id=14964]
  0x0000018710b5a990 WorkerThread "GC Thread#5" [stack: 0x0000007155000000,0x0000007155100000] [id=4176]
  0x0000018710b5b4d0 WorkerThread "GC Thread#6" [stack: 0x0000007155100000,0x0000007155200000] [id=12828]
  0x0000018710b5b7a0 WorkerThread "GC Thread#7" [stack: 0x0000007155200000,0x0000007155300000] [id=18512]
  0x00000186af361eb0 ConcurrentGCThread "G1 Main Marker" [stack: 0x0000007152800000,0x0000007152900000] [id=12484]
  0x00000186af3627e0 WorkerThread "G1 Conc#0" [stack: 0x0000007152900000,0x0000007152a00000] [id=16580]
  0x00000186cb430600 ConcurrentGCThread "G1 Refine#0" [stack: 0x0000007152a00000,0x0000007152b00000] [id=10836]
  0x00000186cb430eb0 ConcurrentGCThread "G1 Service" [stack: 0x0000007152b00000,0x0000007152c00000] [id=19552]

Threads with active compile tasks:

VM state: not at safepoint (normal execution)

VM Mutex/Monitor currently owned by a thread: None

Heap address: 0x00000000a2400000, size: 1500 MB, Compressed Oops mode: 32-bit

CDS archive(s) mapped at: [0x00000186cb800000-0x00000186cc460000-0x00000186cc460000), size 12976128, SharedBaseAddress: 0x00000186cb800000, ArchiveRelocationMode: 1.
Compressed class space mapped at: 0x00000186cc800000-0x000001870c800000, reserved size: 1073741824
Narrow klass base: 0x00000186cb800000, Narrow klass shift: 0, Narrow klass range: 0x100000000

GC Precious Log:
 CardTable entry size: 512
 Card Set container configuration: InlinePtr #cards 5 size 8 Array Of Cards #cards 12 size 40 Howl #buckets 4 coarsen threshold 1843 Howl Bitmap #cards 512 size 80 coarsen threshold 460 Card regions per heap region 1 cards per card region 2048
 CPUs: 12 total, 12 available
 Memory: 5996M
 Large Page Support: Disabled
 NUMA Support: Disabled
 Compressed Oops: Enabled (32-bit)
 Heap Region Size: 1M
 Heap Min Capacity: 8M
 Heap Initial Capacity: 94M
 Heap Max Capacity: 1500M
 Pre-touch: Disabled
 Parallel Workers: 10
 Concurrent Workers: 3
 Concurrent Refinement Workers: 10
 Periodic GC: Disabled

Heap:
 garbage-first heap   total 96256K, used 19563K [0x00000000a2400000, 0x0000000100000000)
  region size 1024K, 21 young (21504K), 3 survivors (3072K)
 Metaspace       used 15001K, committed 15232K, reserved 1114112K
  class space    used 1549K, committed 1664K, reserved 1048576K

Heap Regions: E=young(eden), S=young(survivor), O=old, HS=humongous(starts), HC=humongous(continues), CS=collection set, F=free, OA=open archive, CA=closed archive, TAMS=top-at-mark-start, PB=parsable bottom
|   0|0x00000000a2400000, 0x00000000a2400000, 0x00000000a2500000|  0%| F|  |TAMS 0x00000000a2400000| PB 0x00000000a2400000| Untracked 
|   1|0x00000000a2500000, 0x00000000a251ac00, 0x00000000a2600000| 10%| O|  |TAMS 0x00000000a2500000| PB 0x00000000a2500000| Untracked 
|   2|0x00000000a2600000, 0x00000000a2600000, 0x00000000a2700000|  0%| F|  |TAMS 0x00000000a2600000| PB 0x00000000a2600000| Untracked 
|   3|0x00000000a2700000, 0x00000000a2700000, 0x00000000a2800000|  0%| F|  |TAMS 0x00000000a2700000| PB 0x00000000a2700000| Untracked 
|   4|0x00000000a2800000, 0x00000000a2800000, 0x00000000a2900000|  0%| F|  |TAMS 0x00000000a2800000| PB 0x00000000a2800000| Untracked 
|   5|0x00000000a2900000, 0x00000000a2900000, 0x00000000a2a00000|  0%| F|  |TAMS 0x00000000a2900000| PB 0x00000000a2900000| Untracked 
|   6|0x00000000a2a00000, 0x00000000a2a00000, 0x00000000a2b00000|  0%| F|  |TAMS 0x00000000a2a00000| PB 0x00000000a2a00000| Untracked 
|   7|0x00000000a2b00000, 0x00000000a2b00000, 0x00000000a2c00000|  0%| F|  |TAMS 0x00000000a2b00000| PB 0x00000000a2b00000| Untracked 
|   8|0x00000000a2c00000, 0x00000000a2c00000, 0x00000000a2d00000|  0%| F|  |TAMS 0x00000000a2c00000| PB 0x00000000a2c00000| Untracked 
|   9|0x00000000a2d00000, 0x00000000a2d00000, 0x00000000a2e00000|  0%| F|  |TAMS 0x00000000a2d00000| PB 0x00000000a2d00000| Untracked 
|  10|0x00000000a2e00000, 0x00000000a2e00000, 0x00000000a2f00000|  0%| F|  |TAMS 0x00000000a2e00000| PB 0x00000000a2e00000| Untracked 
|  11|0x00000000a2f00000, 0x00000000a2f00000, 0x00000000a3000000|  0%| F|  |TAMS 0x00000000a2f00000| PB 0x00000000a2f00000| Untracked 
|  12|0x00000000a3000000, 0x00000000a3000000, 0x00000000a3100000|  0%| F|  |TAMS 0x00000000a3000000| PB 0x00000000a3000000| Untracked 
|  13|0x00000000a3100000, 0x00000000a3100000, 0x00000000a3200000|  0%| F|  |TAMS 0x00000000a3100000| PB 0x00000000a3100000| Untracked 
|  14|0x00000000a3200000, 0x00000000a3200000, 0x00000000a3300000|  0%| F|  |TAMS 0x00000000a3200000| PB 0x00000000a3200000| Untracked 
|  15|0x00000000a3300000, 0x00000000a3300000, 0x00000000a3400000|  0%| F|  |TAMS 0x00000000a3300000| PB 0x00000000a3300000| Untracked 
|  16|0x00000000a3400000, 0x00000000a3400000, 0x00000000a3500000|  0%| F|  |TAMS 0x00000000a3400000| PB 0x00000000a3400000| Untracked 
|  17|0x00000000a3500000, 0x00000000a3500000, 0x00000000a3600000|  0%| F|  |TAMS 0x00000000a3500000| PB 0x00000000a3500000| Untracked 
|  18|0x00000000a3600000, 0x00000000a3600000, 0x00000000a3700000|  0%| F|  |TAMS 0x00000000a3600000| PB 0x00000000a3600000| Untracked 
|  19|0x00000000a3700000, 0x00000000a3700000, 0x00000000a3800000|  0%| F|  |TAMS 0x00000000a3700000| PB 0x00000000a3700000| Untracked 
|  20|0x00000000a3800000, 0x00000000a3800000, 0x00000000a3900000|  0%| F|  |TAMS 0x00000000a3800000| PB 0x00000000a3800000| Untracked 
|  21|0x00000000a3900000, 0x00000000a3900000, 0x00000000a3a00000|  0%| F|  |TAMS 0x00000000a3900000| PB 0x00000000a3900000| Untracked 
|  22|0x00000000a3a00000, 0x00000000a3a00000, 0x00000000a3b00000|  0%| F|  |TAMS 0x00000000a3a00000| PB 0x00000000a3a00000| Untracked 
|  23|0x00000000a3b00000, 0x00000000a3b00000, 0x00000000a3c00000|  0%| F|  |TAMS 0x00000000a3b00000| PB 0x00000000a3b00000| Untracked 
|  24|0x00000000a3c00000, 0x00000000a3c00000, 0x00000000a3d00000|  0%| F|  |TAMS 0x00000000a3c00000| PB 0x00000000a3c00000| Untracked 
|  25|0x00000000a3d00000, 0x00000000a3d00000, 0x00000000a3e00000|  0%| F|  |TAMS 0x00000000a3d00000| PB 0x00000000a3d00000| Untracked 
|  26|0x00000000a3e00000, 0x00000000a3e00000, 0x00000000a3f00000|  0%| F|  |TAMS 0x00000000a3e00000| PB 0x00000000a3e00000| Untracked 
|  27|0x00000000a3f00000, 0x00000000a3f00000, 0x00000000a4000000|  0%| F|  |TAMS 0x00000000a3f00000| PB 0x00000000a3f00000| Untracked 
|  28|0x00000000a4000000, 0x00000000a4000000, 0x00000000a4100000|  0%| F|  |TAMS 0x00000000a4000000| PB 0x00000000a4000000| Untracked 
|  29|0x00000000a4100000, 0x00000000a4100000, 0x00000000a4200000|  0%| F|  |TAMS 0x00000000a4100000| PB 0x00000000a4100000| Untracked 
|  30|0x00000000a4200000, 0x00000000a4200000, 0x00000000a4300000|  0%| F|  |TAMS 0x00000000a4200000| PB 0x00000000a4200000| Untracked 
|  31|0x00000000a4300000, 0x00000000a4300000, 0x00000000a4400000|  0%| F|  |TAMS 0x00000000a4300000| PB 0x00000000a4300000| Untracked 
|  32|0x00000000a4400000, 0x00000000a4400000, 0x00000000a4500000|  0%| F|  |TAMS 0x00000000a4400000| PB 0x00000000a4400000| Untracked 
|  33|0x00000000a4500000, 0x00000000a4500000, 0x00000000a4600000|  0%| F|  |TAMS 0x00000000a4500000| PB 0x00000000a4500000| Untracked 
|  34|0x00000000a4600000, 0x00000000a4600000, 0x00000000a4700000|  0%| F|  |TAMS 0x00000000a4600000| PB 0x00000000a4600000| Untracked 
|  35|0x00000000a4700000, 0x00000000a4700000, 0x00000000a4800000|  0%| F|  |TAMS 0x00000000a4700000| PB 0x00000000a4700000| Untracked 
|  36|0x00000000a4800000, 0x00000000a4800000, 0x00000000a4900000|  0%| F|  |TAMS 0x00000000a4800000| PB 0x00000000a4800000| Untracked 
|  37|0x00000000a4900000, 0x00000000a4900000, 0x00000000a4a00000|  0%| F|  |TAMS 0x00000000a4900000| PB 0x00000000a4900000| Untracked 
|  38|0x00000000a4a00000, 0x00000000a4a00000, 0x00000000a4b00000|  0%| F|  |TAMS 0x00000000a4a00000| PB 0x00000000a4a00000| Untracked 
|  39|0x00000000a4b00000, 0x00000000a4b00000, 0x00000000a4c00000|  0%| F|  |TAMS 0x00000000a4b00000| PB 0x00000000a4b00000| Untracked 
|  40|0x00000000a4c00000, 0x00000000a4c00000, 0x00000000a4d00000|  0%| F|  |TAMS 0x00000000a4c00000| PB 0x00000000a4c00000| Untracked 
|  41|0x00000000a4d00000, 0x00000000a4d00000, 0x00000000a4e00000|  0%| F|  |TAMS 0x00000000a4d00000| PB 0x00000000a4d00000| Untracked 
|  42|0x00000000a4e00000, 0x00000000a4e00000, 0x00000000a4f00000|  0%| F|  |TAMS 0x00000000a4e00000| PB 0x00000000a4e00000| Untracked 
|  43|0x00000000a4f00000, 0x00000000a4f00000, 0x00000000a5000000|  0%| F|  |TAMS 0x00000000a4f00000| PB 0x00000000a4f00000| Untracked 
|  44|0x00000000a5000000, 0x00000000a5000000, 0x00000000a5100000|  0%| F|  |TAMS 0x00000000a5000000| PB 0x00000000a5000000| Untracked 
|  45|0x00000000a5100000, 0x00000000a5100000, 0x00000000a5200000|  0%| F|  |TAMS 0x00000000a5100000| PB 0x00000000a5100000| Untracked 
|  46|0x00000000a5200000, 0x00000000a5200000, 0x00000000a5300000|  0%| F|  |TAMS 0x00000000a5200000| PB 0x00000000a5200000| Untracked 
|  47|0x00000000a5300000, 0x00000000a5300000, 0x00000000a5400000|  0%| F|  |TAMS 0x00000000a5300000| PB 0x00000000a5300000| Untracked 
|  48|0x00000000a5400000, 0x00000000a5400000, 0x00000000a5500000|  0%| F|  |TAMS 0x00000000a5400000| PB 0x00000000a5400000| Untracked 
|  49|0x00000000a5500000, 0x00000000a5500000, 0x00000000a5600000|  0%| F|  |TAMS 0x00000000a5500000| PB 0x00000000a5500000| Untracked 
|  50|0x00000000a5600000, 0x00000000a5600000, 0x00000000a5700000|  0%| F|  |TAMS 0x00000000a5600000| PB 0x00000000a5600000| Untracked 
|  51|0x00000000a5700000, 0x00000000a5700000, 0x00000000a5800000|  0%| F|  |TAMS 0x00000000a5700000| PB 0x00000000a5700000| Untracked 
|  52|0x00000000a5800000, 0x00000000a5800000, 0x00000000a5900000|  0%| F|  |TAMS 0x00000000a5800000| PB 0x00000000a5800000| Untracked 
|  53|0x00000000a5900000, 0x00000000a5900000, 0x00000000a5a00000|  0%| F|  |TAMS 0x00000000a5900000| PB 0x00000000a5900000| Untracked 
|  54|0x00000000a5a00000, 0x00000000a5a00000, 0x00000000a5b00000|  0%| F|  |TAMS 0x00000000a5a00000| PB 0x00000000a5a00000| Untracked 
|  55|0x00000000a5b00000, 0x00000000a5b00000, 0x00000000a5c00000|  0%| F|  |TAMS 0x00000000a5b00000| PB 0x00000000a5b00000| Untracked 
|  56|0x00000000a5c00000, 0x00000000a5c00000, 0x00000000a5d00000|  0%| F|  |TAMS 0x00000000a5c00000| PB 0x00000000a5c00000| Untracked 
|  57|0x00000000a5d00000, 0x00000000a5d00000, 0x00000000a5e00000|  0%| F|  |TAMS 0x00000000a5d00000| PB 0x00000000a5d00000| Untracked 
|  58|0x00000000a5e00000, 0x00000000a5e00000, 0x00000000a5f00000|  0%| F|  |TAMS 0x00000000a5e00000| PB 0x00000000a5e00000| Untracked 
|  59|0x00000000a5f00000, 0x00000000a5f00000, 0x00000000a6000000|  0%| F|  |TAMS 0x00000000a5f00000| PB 0x00000000a5f00000| Untracked 
|  60|0x00000000a6000000, 0x00000000a6000000, 0x00000000a6100000|  0%| F|  |TAMS 0x00000000a6000000| PB 0x00000000a6000000| Untracked 
|  61|0x00000000a6100000, 0x00000000a6100000, 0x00000000a6200000|  0%| F|  |TAMS 0x00000000a6100000| PB 0x00000000a6100000| Untracked 
|  62|0x00000000a6200000, 0x00000000a6200000, 0x00000000a6300000|  0%| F|  |TAMS 0x00000000a6200000| PB 0x00000000a6200000| Untracked 
|  63|0x00000000a6300000, 0x00000000a6300000, 0x00000000a6400000|  0%| F|  |TAMS 0x00000000a6300000| PB 0x00000000a6300000| Untracked 
|  64|0x00000000a6400000, 0x00000000a6400000, 0x00000000a6500000|  0%| F|  |TAMS 0x00000000a6400000| PB 0x00000000a6400000| Untracked 
|  65|0x00000000a6500000, 0x00000000a6500000, 0x00000000a6600000|  0%| F|  |TAMS 0x00000000a6500000| PB 0x00000000a6500000| Untracked 
|  66|0x00000000a6600000, 0x00000000a6600000, 0x00000000a6700000|  0%| F|  |TAMS 0x00000000a6600000| PB 0x00000000a6600000| Untracked 
|  67|0x00000000a6700000, 0x00000000a6700000, 0x00000000a6800000|  0%| F|  |TAMS 0x00000000a6700000| PB 0x00000000a6700000| Untracked 
|  68|0x00000000a6800000, 0x00000000a6900000, 0x00000000a6900000|100%| S|CS|TAMS 0x00000000a6800000| PB 0x00000000a6800000| Complete 
|  69|0x00000000a6900000, 0x00000000a6a00000, 0x00000000a6a00000|100%| S|CS|TAMS 0x00000000a6900000| PB 0x00000000a6900000| Complete 
|  70|0x00000000a6a00000, 0x00000000a6b00000, 0x00000000a6b00000|100%| S|CS|TAMS 0x00000000a6a00000| PB 0x00000000a6a00000| Complete 
|  71|0x00000000a6b00000, 0x00000000a6b00000, 0x00000000a6c00000|  0%| F|  |TAMS 0x00000000a6b00000| PB 0x00000000a6b00000| Untracked 
|  72|0x00000000a6c00000, 0x00000000a6c00000, 0x00000000a6d00000|  0%| F|  |TAMS 0x00000000a6c00000| PB 0x00000000a6c00000| Untracked 
|  73|0x00000000a6d00000, 0x00000000a6d00000, 0x00000000a6e00000|  0%| F|  |TAMS 0x00000000a6d00000| PB 0x00000000a6d00000| Untracked 
|  74|0x00000000a6e00000, 0x00000000a6e00000, 0x00000000a6f00000|  0%| F|  |TAMS 0x00000000a6e00000| PB 0x00000000a6e00000| Untracked 
|  75|0x00000000a6f00000, 0x00000000a6f00000, 0x00000000a7000000|  0%| F|  |TAMS 0x00000000a6f00000| PB 0x00000000a6f00000| Untracked 
|  76|0x00000000a7000000, 0x00000000a7000800, 0x00000000a7100000|  0%| E|  |TAMS 0x00000000a7000000| PB 0x00000000a7000000| Complete 
|  77|0x00000000a7100000, 0x00000000a7200000, 0x00000000a7200000|100%| E|CS|TAMS 0x00000000a7100000| PB 0x00000000a7100000| Complete 
|  78|0x00000000a7200000, 0x00000000a7300000, 0x00000000a7300000|100%| E|CS|TAMS 0x00000000a7200000| PB 0x00000000a7200000| Complete 
|  79|0x00000000a7300000, 0x00000000a7400000, 0x00000000a7400000|100%| E|CS|TAMS 0x00000000a7300000| PB 0x00000000a7300000| Complete 
|  80|0x00000000a7400000, 0x00000000a7500000, 0x00000000a7500000|100%| E|CS|TAMS 0x00000000a7400000| PB 0x00000000a7400000| Complete 
|  81|0x00000000a7500000, 0x00000000a7600000, 0x00000000a7600000|100%| E|CS|TAMS 0x00000000a7500000| PB 0x00000000a7500000| Complete 
|  82|0x00000000a7600000, 0x00000000a7700000, 0x00000000a7700000|100%| E|  |TAMS 0x00000000a7600000| PB 0x00000000a7600000| Complete 
|  83|0x00000000a7700000, 0x00000000a7800000, 0x00000000a7800000|100%| E|CS|TAMS 0x00000000a7700000| PB 0x00000000a7700000| Complete 
|  84|0x00000000a7800000, 0x00000000a7900000, 0x00000000a7900000|100%| E|CS|TAMS 0x00000000a7800000| PB 0x00000000a7800000| Complete 
|  85|0x00000000a7900000, 0x00000000a7a00000, 0x00000000a7a00000|100%| E|CS|TAMS 0x00000000a7900000| PB 0x00000000a7900000| Complete 
|  86|0x00000000a7a00000, 0x00000000a7b00000, 0x00000000a7b00000|100%| E|CS|TAMS 0x00000000a7a00000| PB 0x00000000a7a00000| Complete 
|  87|0x00000000a7b00000, 0x00000000a7c00000, 0x00000000a7c00000|100%| E|CS|TAMS 0x00000000a7b00000| PB 0x00000000a7b00000| Complete 
|  88|0x00000000a7c00000, 0x00000000a7d00000, 0x00000000a7d00000|100%| E|CS|TAMS 0x00000000a7c00000| PB 0x00000000a7c00000| Complete 
|  89|0x00000000a7d00000, 0x00000000a7e00000, 0x00000000a7e00000|100%| E|CS|TAMS 0x00000000a7d00000| PB 0x00000000a7d00000| Complete 
|  90|0x00000000a7e00000, 0x00000000a7f00000, 0x00000000a7f00000|100%| E|CS|TAMS 0x00000000a7e00000| PB 0x00000000a7e00000| Complete 
|  91|0x00000000a7f00000, 0x00000000a8000000, 0x00000000a8000000|100%| E|CS|TAMS 0x00000000a7f00000| PB 0x00000000a7f00000| Complete 
|  92|0x00000000a8000000, 0x00000000a8100000, 0x00000000a8100000|100%| E|CS|TAMS 0x00000000a8000000| PB 0x00000000a8000000| Complete 
|  93|0x00000000a8100000, 0x00000000a8200000, 0x00000000a8200000|100%| E|CS|TAMS 0x00000000a8100000| PB 0x00000000a8100000| Complete 

Card table byte_map: [0x00000186c6bf0000,0x00000186c6ee0000] _byte_map_base: 0x00000186c66de000

Marking Bits: (CMBitMap*) 0x00000186af3558b0
 Bits: [0x00000186c71d0000, 0x00000186c8940000)

Polling page: 0x00000186ad260000

Metaspace:

Usage:
  Non-class:     13.14 MB used.
      Class:      1.51 MB used.
       Both:     14.65 MB used.

Virtual space:
  Non-class space:       64.00 MB reserved,      13.25 MB ( 21%) committed,  1 nodes.
      Class space:        1.00 GB reserved,       1.62 MB ( <1%) committed,  1 nodes.
             Both:        1.06 GB reserved,      14.88 MB (  1%) committed. 

Chunk freelists:
   Non-Class:  2.36 MB
       Class:  2.34 MB
        Both:  4.70 MB

MaxMetaspaceSize: unlimited
CompressedClassSpaceSize: 1.00 GB
Initial GC threshold: 21.00 MB
Current GC threshold: 21.00 MB
CDS: on
MetaspaceReclaimPolicy: balanced
 - commit_granule_bytes: 65536.
 - commit_granule_words: 8192.
 - virtual_space_node_default_size: 8388608.
 - enlarge_chunks_in_place: 1.
 - new_chunks_are_fully_committed: 0.
 - uncommit_free_chunks: 1.
 - use_allocation_guard: 0.


Internal statistics:

num_allocs_failed_limit: 0.
num_arena_births: 172.
num_arena_deaths: 0.
num_vsnodes_births: 2.
num_vsnodes_deaths: 0.
num_space_committed: 238.
num_space_uncommitted: 0.
num_chunks_returned_to_freelist: 0.
num_chunks_taken_from_freelist: 525.
num_chunk_merges: 0.
num_chunk_splits: 384.
num_chunks_enlarged: 280.
num_inconsistent_stats: 0.

CodeHeap 'non-profiled nmethods': size=120000Kb used=515Kb max_used=515Kb free=119484Kb
 bounds [0x00000186bee70000, 0x00000186bf0e0000, 0x00000186c63a0000]
CodeHeap 'profiled nmethods': size=120000Kb used=2263Kb max_used=2263Kb free=117736Kb
 bounds [0x00000186b73a0000, 0x00000186b7610000, 0x00000186be8d0000]
CodeHeap 'non-nmethods': size=5760Kb used=1842Kb max_used=1864Kb free=3917Kb
 bounds [0x00000186be8d0000, 0x00000186beb40000, 0x00000186bee70000]
 total_blobs=2221 nmethods=1415 adapters=717
 compilation: enabled
              stopped_count=0, restarted_count=0
 full_count=0

Compilation events (20 events):
Event: 1.506 Thread 0x00000186cb59d180 nmethod 1221 0x00000186beedbc10 code [0x00000186beedbd80, 0x00000186beedbe48]
Event: 1.506 Thread 0x00000186cb59d180 1224       1       androidx.compose.ui.graphics.SkiaBackedPaint::getColorFilter (5 bytes)
Event: 1.506 Thread 0x00000186cb59d180 nmethod 1224 0x00000186beedbf10 code [0x00000186beedc080, 0x00000186beedc148]
Event: 1.506 Thread 0x00000186cb59d180 1228       1       org.jetbrains.skia.Rect::getRight (5 bytes)
Event: 1.506 Thread 0x00000186cb59d180 nmethod 1228 0x00000186beedc210 code [0x00000186beedc380, 0x00000186beedc448]
Event: 1.506 Thread 0x00000186cb59d180 1229       1       androidx.compose.ui.graphics.SkiaBackedPaint::getSkia (5 bytes)
Event: 1.506 Thread 0x00000186cb59d180 nmethod 1229 0x00000186beedc510 code [0x00000186beedc680, 0x00000186beedc748]
Event: 1.506 Thread 0x00000186cb59d180 1226       1       org.jetbrains.skia.Rect::getLeft (5 bytes)
Event: 1.506 Thread 0x00000186cb59d180 nmethod 1226 0x00000186beedc810 code [0x00000186beedc980, 0x00000186beedca48]
Event: 1.506 Thread 0x00000186cb59d180 1225       1       androidx.compose.ui.graphics.SkiaBackedPaint::getBlendMode-0nO6VwU (5 bytes)
Event: 1.506 Thread 0x00000186cb59d180 nmethod 1225 0x00000186beedcb10 code [0x00000186beedcc80, 0x00000186beedcd48]
Event: 1.506 Thread 0x00000186cb59d180 1227       1       org.jetbrains.skia.Rect::getTop (5 bytes)
Event: 1.506 Thread 0x00000186cb59d180 nmethod 1227 0x00000186beedce10 code [0x00000186beedcf80, 0x00000186beedd048]
Event: 1.506 Thread 0x00000186cb59d180 1230       1       org.jetbrains.skia.Rect::getBottom (5 bytes)
Event: 1.506 Thread 0x00000186cb59d180 nmethod 1230 0x00000186beedd110 code [0x00000186beedd280, 0x00000186beedd348]
Event: 1.506 Thread 0x00000186cb59d180 1216       2       androidx.compose.ui.graphics.colorspace.Rgb::getMaxValue (5 bytes)
Event: 1.506 Thread 0x00000186cb59d180 nmethod 1216 0x00000186b7589510 code [0x00000186b75896a0, 0x00000186b75897a8]
Event: 1.506 Thread 0x00000186cb59d180 1246       3       androidx.compose.ui.geometry.Size::constructor-impl (2 bytes)
Event: 1.506 Thread 0x00000186cb59d180 nmethod 1246 0x00000186b7589810 code [0x00000186b75899a0, 0x00000186b7589a90]
Event: 1.506 Thread 0x00000186cb59d180 1247       3       androidx.compose.ui.geometry.OffsetKt::Offset (30 bytes)

GC Heap History (2 events):
Event: 0.552 GC heap before
{Heap before GC invocations=0 (full 0):
 garbage-first heap   total 96256K, used 23552K [0x00000000a2400000, 0x0000000100000000)
  region size 1024K, 23 young (23552K), 0 survivors (0K)
 Metaspace       used 9332K, committed 9600K, reserved 1114112K
  class space    used 877K, committed 1024K, reserved 1048576K
}
Event: 0.555 GC heap after
{Heap after GC invocations=1 (full 0):
 garbage-first heap   total 96256K, used 3179K [0x00000000a2400000, 0x0000000100000000)
  region size 1024K, 3 young (3072K), 3 survivors (3072K)
 Metaspace       used 9332K, committed 9600K, reserved 1114112K
  class space    used 877K, committed 1024K, reserved 1048576K
}

Dll operation events (14 events):
Event: 0.009 Loaded shared library C:\Users\GAMING\.jdks\openjdk-20.0.2\bin\java.dll
Event: 0.025 Loaded shared library C:\Users\GAMING\.jdks\openjdk-20.0.2\bin\jsvml.dll
Event: 0.073 Loaded shared library C:\Users\GAMING\.jdks\openjdk-20.0.2\bin\zip.dll
Event: 0.075 Loaded shared library C:\Users\GAMING\.jdks\openjdk-20.0.2\bin\instrument.dll
Event: 0.079 Loaded shared library C:\Users\GAMING\.jdks\openjdk-20.0.2\bin\net.dll
Event: 0.081 Loaded shared library C:\Users\GAMING\.jdks\openjdk-20.0.2\bin\nio.dll
Event: 0.084 Loaded shared library C:\Users\GAMING\.jdks\openjdk-20.0.2\bin\zip.dll
Event: 0.110 Loaded shared library C:\Users\GAMING\AppData\Local\JetBrains\Toolbox\apps\IDEA-C\ch-0\232.9559.62\bin\breakgen64.dll
Event: 0.115 Loaded shared library C:\Users\GAMING\.jdks\openjdk-20.0.2\bin\extnet.dll
Event: 0.183 Loaded shared library C:\Users\GAMING\.jdks\openjdk-20.0.2\bin\jimage.dll
Event: 0.186 Loaded shared library C:\Users\GAMING\.jdks\openjdk-20.0.2\bin\awt.dll
Event: 0.529 Loaded shared library C:\Users\GAMING\.skiko\0de0d8dd8554d9bb66cfca3837db6514ff9b71080e998917280a3b777460a416\skiko-windows-x64.dll
Event: 0.627 Loaded shared library C:\Users\GAMING\.jdks\openjdk-20.0.2\bin\freetype.dll
Event: 0.628 Loaded shared library C:\Users\GAMING\.jdks\openjdk-20.0.2\bin\fontmanager.dll

Deoptimization events (20 events):
Event: 0.526 Thread 0x0000018710b70e60 Uncommon trap: trap_request=0xffffff45 fr.pc=0x00000186bee835f0 relative=0x0000000000000070
Event: 0.526 Thread 0x0000018710b70e60 Uncommon trap: reason=unstable_if action=reinterpret pc=0x00000186bee835f0 method=java.io.WinNTFileSystem.isSlash(C)Z @ 9 c2
Event: 0.526 Thread 0x0000018710b70e60 DEOPT PACKING pc=0x00000186bee835f0 sp=0x0000007153cfd1d0
Event: 0.526 Thread 0x0000018710b70e60 DEOPT UNPACKING pc=0x00000186be939d22 sp=0x0000007153cfd158 mode 2
Event: 0.538 Thread 0x0000018710b71e50 DEOPT PACKING pc=0x00000186b750bd75 sp=0x00000071547fe240
Event: 0.538 Thread 0x0000018710b71e50 DEOPT UNPACKING pc=0x00000186be93a4c2 sp=0x00000071547fd690 mode 0
Event: 0.550 Thread 0x0000018710b70e60 DEOPT PACKING pc=0x00000186b750bd75 sp=0x0000007153cfc4e0
Event: 0.550 Thread 0x0000018710b70e60 DEOPT UNPACKING pc=0x00000186be93a4c2 sp=0x0000007153cfb930 mode 0
Event: 0.563 Thread 0x0000018710b70e60 DEOPT PACKING pc=0x00000186b750bd75 sp=0x0000007153cfc690
Event: 0.563 Thread 0x0000018710b70e60 DEOPT UNPACKING pc=0x00000186be93a4c2 sp=0x0000007153cfbae0 mode 0
Event: 0.572 Thread 0x0000018710b70e60 DEOPT PACKING pc=0x00000186b750bd75 sp=0x0000007153cfbfe0
Event: 0.572 Thread 0x0000018710b70e60 DEOPT UNPACKING pc=0x00000186be93a4c2 sp=0x0000007153cfb430 mode 0
Event: 1.249 Thread 0x00000186cb5921e0 Uncommon trap: trap_request=0xffffff45 fr.pc=0x00000186beece2c4 relative=0x0000000000000144
Event: 1.249 Thread 0x00000186cb5921e0 Uncommon trap: reason=unstable_if action=reinterpret pc=0x00000186beece2c4 method=java.util.concurrent.locks.ReentrantLock$NonfairSync.initialTryLock()Z @ 10 c2
Event: 1.249 Thread 0x00000186cb5921e0 DEOPT PACKING pc=0x00000186beece2c4 sp=0x00000071530ff150
Event: 1.249 Thread 0x00000186cb5921e0 DEOPT UNPACKING pc=0x00000186be939d22 sp=0x00000071530ff0f8 mode 2
Event: 1.328 Thread 0x0000018710b70e60 DEOPT PACKING pc=0x00000186b746c8a7 sp=0x0000007153cfa310
Event: 1.328 Thread 0x0000018710b70e60 DEOPT UNPACKING pc=0x00000186be93a4c2 sp=0x0000007153cf9798 mode 0
Event: 1.377 Thread 0x0000018710b70e60 DEOPT PACKING pc=0x00000186b73d70c7 sp=0x0000007153cfb630
Event: 1.377 Thread 0x0000018710b70e60 DEOPT UNPACKING pc=0x00000186be93a4c2 sp=0x0000007153cfaab0 mode 0

Classes loaded (20 events):
Event: 1.475 Loading class sun/java2d/d3d/D3DSurfaceData$D3DWindowSurfaceData
Event: 1.475 Loading class sun/java2d/d3d/D3DSurfaceData$D3DWindowSurfaceData done
Event: 1.475 Loading class sun/java2d/pipe/hw/ExtendedBufferCapabilities$VSyncType
Event: 1.475 Loading class sun/java2d/pipe/hw/ExtendedBufferCapabilities$VSyncType done
Event: 1.476 Loading class sun/java2d/StateTrackableDelegate$1
Event: 1.476 Loading class sun/java2d/StateTrackableDelegate$1 done
Event: 1.477 Loading class javax/swing/SwingHeavyWeight
Event: 1.477 Loading class javax/swing/SwingHeavyWeight done
Event: 1.480 Loading class sun/java2d/d3d/D3DSurfaceData$1Status
Event: 1.480 Loading class sun/java2d/d3d/D3DSurfaceData$1Status done
Event: 1.480 Loading class sun/java2d/d3d/D3DSurfaceData$1
Event: 1.480 Loading class sun/java2d/d3d/D3DSurfaceData$1 done
Event: 1.480 Loading class sun/java2d/pipe/BufferedPaints
Event: 1.481 Loading class sun/java2d/pipe/BufferedPaints done
Event: 1.481 Loading class java/awt/geom/Rectangle2D$Double
Event: 1.482 Loading class java/awt/geom/Rectangle2D$Double done
Event: 1.488 Loading class java/io/NotSerializableException
Event: 1.488 Loading class java/io/ObjectStreamException
Event: 1.488 Loading class java/io/ObjectStreamException done
Event: 1.488 Loading class java/io/NotSerializableException done

Classes unloaded (0 events):
No events

Classes redefined (0 events):
No events

Internal exceptions (19 events):
Event: 0.104 Thread 0x00000186af3055c0 Exception <a 'java/lang/NoSuchMethodError'{0x00000000a7ea01c0}: 'void java.lang.invoke.DirectMethodHandle$Holder.invokeStatic(java.lang.Object, java.lang.Object, java.lang.Object)'> (0x00000000a7ea01c0) 
thrown [s\open\src\hotspot\share\interpreter\linkResolver.cpp, line 773]
Event: 0.106 Thread 0x00000186af3055c0 Exception <a 'java/lang/NoSuchMethodError'{0x00000000a7eb7918}: 'java.lang.Object java.lang.invoke.Invokers$Holder.invokeExact_MT(java.lang.Object, java.lang.Object, java.lang.Object, java.lang.Object, java.lang.Object)'> (0x00000000a7eb7918) 
thrown [s\open\src\hotspot\share\interpreter\linkResolver.cpp, line 773]
Event: 0.117 Thread 0x0000018710a62290 Exception <a 'java/lang/NoSuchMethodError'{0x00000000a7d074e0}: 'void java.lang.invoke.DirectMethodHandle$Holder.invokeStatic(java.lang.Object, java.lang.Object)'> (0x00000000a7d074e0) 
thrown [s\open\src\hotspot\share\interpreter\linkResolver.cpp, line 773]
Event: 0.177 Thread 0x00000186af3055c0 Exception <a 'java/lang/ClassNotFoundException'{0x00000000a7a37fa0}: sun/awt/resources/spi/awtProvider> (0x00000000a7a37fa0) 
thrown [s\open\src\hotspot\share\classfile\systemDictionary.cpp, line 305]
Event: 0.221 Thread 0x00000186af3055c0 Exception <a 'java/io/FileNotFoundException'{0x00000000a7a8e6c0}> (0x00000000a7a8e6c0) 
thrown [s\open\src\hotspot\share\prims\jni.cpp, line 519]
Event: 0.225 Thread 0x00000186af3055c0 Exception <a 'java/io/FileNotFoundException'{0x00000000a7ab8690}> (0x00000000a7ab8690) 
thrown [s\open\src\hotspot\share\prims\jni.cpp, line 519]
Event: 0.471 Thread 0x0000018710b70e60 Exception <a 'java/lang/NoSuchMethodError'{0x00000000a6f292d0}: 'void java.lang.invoke.DirectMethodHandle$Holder.invokeSpecial(java.lang.Object, java.lang.Object, java.lang.Object)'> (0x00000000a6f292d0) 
thrown [s\open\src\hotspot\share\interpreter\linkResolver.cpp, line 773]
Event: 0.476 Thread 0x0000018710b70e60 Exception <a 'java/lang/NoSuchMethodError'{0x00000000a6f536d8}: 'java.lang.Object java.lang.invoke.DirectMethodHandle$Holder.newInvokeSpecial(java.lang.Object, java.lang.Object, java.lang.Object, java.lang.Object, java.lang.Object)'> (0x00000000a6f536d8) 
thrown [s\open\src\hotspot\share\interpreter\linkResolver.cpp, line 773]
Event: 0.480 Thread 0x0000018710b70e60 Exception <a 'java/lang/NoSuchMethodError'{0x00000000a6f842b0}: 'java.lang.Object java.lang.invoke.DirectMethodHandle$Holder.invokeStatic(java.lang.Object, int, java.lang.Object)'> (0x00000000a6f842b0) 
thrown [s\open\src\hotspot\share\interpreter\linkResolver.cpp, line 773]
Event: 0.499 Thread 0x0000018710b70e60 Exception <a 'java/lang/ClassNotFoundException'{0x00000000a6e3f930}: com/sun/swing/internal/plaf/metal/resources/spi/metalProvider> (0x00000000a6e3f930) 
thrown [s\open\src\hotspot\share\classfile\systemDictionary.cpp, line 305]
Event: 0.500 Thread 0x0000018710b70e60 Exception <a 'java/lang/ClassNotFoundException'{0x00000000a6e43aa8}: com/sun/swing/internal/plaf/basic/resources/spi/basicProvider> (0x00000000a6e43aa8) 
thrown [s\open\src\hotspot\share\classfile\systemDictionary.cpp, line 305]
Event: 0.506 Thread 0x0000018710b70e60 Exception <a 'java/lang/NoSuchMethodError'{0x00000000a6e5fe00}: 'int java.lang.invoke.Invokers$Holder.invokeExact_MT(java.lang.Object, java.lang.Object)'> (0x00000000a6e5fe00) 
thrown [s\open\src\hotspot\share\interpreter\linkResolver.cpp, line 773]
Event: 0.614 Thread 0x0000018710b738e0 Exception <a 'java/lang/NoSuchMethodError'{0x00000000a7eb9548}: 'void java.lang.invoke.DirectMethodHandle$Holder.invokeVirtual(java.lang.Object, java.lang.Object)'> (0x00000000a7eb9548) 
thrown [s\open\src\hotspot\share\interpreter\linkResolver.cpp, line 773]
Event: 0.624 Thread 0x0000018710b70e60 Exception <a 'java/lang/NoSuchMethodError'{0x00000000a7e78f50}: 'void java.lang.invoke.DirectMethodHandle$Holder.invokeStaticInit(java.lang.Object)'> (0x00000000a7e78f50) 
thrown [s\open\src\hotspot\share\interpreter\linkResolver.cpp, line 773]
Event: 1.248 Thread 0x00000186cb5921e0 Exception <a 'java/lang/NoSuchMethodError'{0x00000000a7c9d668}: 'java.lang.Object java.lang.invoke.Invokers$Holder.invokeExact_MT(java.lang.Object, java.lang.Object, java.lang.Object, java.lang.Object, java.lang.Object, java.lang.Object)'> (0x00000000a7c9d668) 
thrown [s\open\src\hotspot\share\interpreter\linkResolver.cpp, line 773]
Event: 1.349 Thread 0x0000018710b70e60 Exception <a 'java/lang/NoSuchMethodError'{0x00000000a7abcb08}: 'int java.lang.invoke.DirectMethodHandle$Holder.invokeStaticInit(java.lang.Object, java.lang.Object, java.lang.Object)'> (0x00000000a7abcb08) 
thrown [s\open\src\hotspot\share\interpreter\linkResolver.cpp, line 773]
Event: 1.362 Thread 0x0000018710b70e60 Exception <a 'java/lang/NoSuchMethodError'{0x00000000a79b4400}: 'double java.lang.invoke.DirectMethodHandle$Holder.invokeStatic(java.lang.Object, double)'> (0x00000000a79b4400) 
thrown [s\open\src\hotspot\share\interpreter\linkResolver.cpp, line 773]
Event: 1.362 Thread 0x0000018710b70e60 Exception <a 'java/lang/NoSuchMethodError'{0x00000000a79b7bc8}: 'double java.lang.invoke.DirectMethodHandle$Holder.invokeStaticInit(java.lang.Object, double)'> (0x00000000a79b7bc8) 
thrown [s\open\src\hotspot\share\interpreter\linkResolver.cpp, line 773]
Event: 1.366 Thread 0x0000018710b70e60 Exception <a 'java/lang/NoSuchMethodError'{0x00000000a79f2f10}: 'java.lang.Object java.lang.invoke.DirectMethodHandle$Holder.newInvokeSpecial(java.lang.Object, double)'> (0x00000000a79f2f10) 
thrown [s\open\src\hotspot\share\interpreter\linkResolver.cpp, line 773]

VM Operations (20 events):
Event: 0.065 Executing VM operation: HandshakeAllThreads
Event: 0.065 Executing VM operation: HandshakeAllThreads done
Event: 0.112 Executing VM operation: HandshakeAllThreads
Event: 0.112 Executing VM operation: HandshakeAllThreads done
Event: 0.175 Executing VM operation: HandshakeAllThreads
Event: 0.175 Executing VM operation: HandshakeAllThreads done
Event: 0.521 Executing VM operation: HandshakeAllThreads
Event: 0.521 Executing VM operation: HandshakeAllThreads done
Event: 0.526 Executing VM operation: HandshakeAllThreads
Event: 0.526 Executing VM operation: HandshakeAllThreads done
Event: 0.526 Executing VM operation: HandshakeAllThreads
Event: 0.526 Executing VM operation: HandshakeAllThreads done
Event: 0.552 Executing VM operation: G1CollectForAllocation
Event: 0.555 Executing VM operation: G1CollectForAllocation done
Event: 0.569 Executing VM operation: HandshakeAllThreads
Event: 0.570 Executing VM operation: HandshakeAllThreads done
Event: 0.573 Executing VM operation: HandshakeAllThreads
Event: 0.573 Executing VM operation: HandshakeAllThreads done
Event: 1.140 Executing VM operation: HandshakeAllThreads
Event: 1.140 Executing VM operation: HandshakeAllThreads done

Events (20 events):
Event: 0.110 Thread 0x00000187109bcf10 Thread added: 0x00000187109bcf10
Event: 0.245 Thread 0x0000018710b72e40 Thread added: 0x0000018710b72e40
Event: 0.245 Thread 0x0000018710b73e30 Thread added: 0x0000018710b73e30
Event: 0.246 Thread 0x0000018710b738e0 Thread added: 0x0000018710b738e0
Event: 0.255 Thread 0x0000018710b70e60 Thread added: 0x0000018710b70e60
Event: 0.535 Thread 0x0000018710b71e50 Thread added: 0x0000018710b71e50
Event: 0.535 Thread 0x0000018713ba20d0 Thread added: 0x0000018713ba20d0
Event: 0.536 Thread 0x0000018713ba7080 Thread added: 0x0000018713ba7080
Event: 0.538 Thread 0x0000018713ba65e0 Thread added: 0x0000018713ba65e0
Event: 0.541 Thread 0x0000018713ba2b70 Thread added: 0x0000018713ba2b70
Event: 1.481 Thread 0x0000018713ba6090 Thread added: 0x0000018713ba6090
Event: 1.503 Thread 0x0000018713ba3610 Thread added: 0x0000018713ba3610
Event: 1.503 Thread 0x0000018713ba2620 Thread added: 0x0000018713ba2620
Event: 1.503 Thread 0x0000018713ba10e0 Thread added: 0x0000018713ba10e0
Event: 1.503 Thread 0x0000018713ba40b0 Thread added: 0x0000018713ba40b0
Event: 1.504 Thread 0x0000018713ba6b30 Thread added: 0x0000018713ba6b30
Event: 1.504 Thread 0x0000018713ba5b40 Thread added: 0x0000018713ba5b40
Event: 1.504 Thread 0x0000018713ba30c0 Thread added: 0x0000018713ba30c0
Event: 1.504 Thread 0x0000018713ba1630 Thread added: 0x0000018713ba1630
Event: 1.504 Thread 0x0000018713ba3b60 Thread added: 0x0000018713ba3b60


Dynamic libraries:
0x00007ff795000000 - 0x00007ff79500e000 	C:\Users\GAMING\.jdks\openjdk-20.0.2\bin\java.exe
0x00007ffe63e10000 - 0x00007ffe64027000 	C:\WINDOWS\SYSTEM32\ntdll.dll
0x00007ffe62e00000 - 0x00007ffe62ec4000 	C:\WINDOWS\System32\KERNEL32.DLL
0x00007ffe61550000 - 0x00007ffe618f6000 	C:\WINDOWS\System32\KERNELBASE.dll
0x00007ffe611b0000 - 0x00007ffe612c1000 	C:\WINDOWS\System32\ucrtbase.dll
0x00007ffe13640000 - 0x00007ffe13657000 	C:\Users\GAMING\.jdks\openjdk-20.0.2\bin\jli.dll
0x00007ffe11ec0000 - 0x00007ffe11edb000 	C:\Users\GAMING\.jdks\openjdk-20.0.2\bin\VCRUNTIME140.dll
0x00007ffe628d0000 - 0x00007ffe62a7e000 	C:\WINDOWS\System32\USER32.dll
0x00007ffe61180000 - 0x00007ffe611a6000 	C:\WINDOWS\System32\win32u.dll
0x00007ffe62a80000 - 0x00007ffe62aa9000 	C:\WINDOWS\System32\GDI32.dll
0x00007ffe619c0000 - 0x00007ffe61ad8000 	C:\WINDOWS\System32\gdi32full.dll
0x00007ffe61440000 - 0x00007ffe614da000 	C:\WINDOWS\System32\msvcp_win.dll
0x00007ffe4f410000 - 0x00007ffe4f6a3000 	C:\WINDOWS\WinSxS\amd64_microsoft.windows.common-controls_6595b64144ccf1df_6.0.22621.2506_none_270c5ae97388e100\COMCTL32.dll
0x00007ffe63d20000 - 0x00007ffe63dc7000 	C:\WINDOWS\System32\msvcrt.dll
0x00007ffe62ae0000 - 0x00007ffe62b11000 	C:\WINDOWS\System32\IMM32.DLL
0x00000000667e0000 - 0x00000000667ec000 	C:\Program Files (x86)\360\Total Security\safemon\SafeWrapper.dll
0x00007ffe63a10000 - 0x00007ffe63ac1000 	C:\WINDOWS\System32\ADVAPI32.dll
0x00007ffe63160000 - 0x00007ffe63205000 	C:\WINDOWS\System32\sechost.dll
0x00007ffe62b20000 - 0x00007ffe62c37000 	C:\WINDOWS\System32\RPCRT4.dll
0x00007ffdf75e0000 - 0x00007ffdf7672000 	C:\Program Files (x86)\360\Total Security\safemon\libzdtp64.dll
0x00007ffe61b60000 - 0x00007ffe623ba000 	C:\WINDOWS\System32\SHELL32.dll
0x00007ffe62ca0000 - 0x00007ffe62cfe000 	C:\WINDOWS\System32\SHLWAPI.dll
0x00007ffe60b50000 - 0x00007ffe60b5a000 	C:\WINDOWS\SYSTEM32\VERSION.dll
0x00007ffe47e40000 - 0x00007ffe47e4c000 	C:\Users\GAMING\.jdks\openjdk-20.0.2\bin\vcruntime140_1.dll
0x00007ffdf7550000 - 0x00007ffdf75de000 	C:\Users\GAMING\.jdks\openjdk-20.0.2\bin\msvcp140.dll
0x00007ffdf46e0000 - 0x00007ffdf5378000 	C:\Users\GAMING\.jdks\openjdk-20.0.2\bin\server\jvm.dll
0x00007ffe44d50000 - 0x00007ffe44d59000 	C:\WINDOWS\SYSTEM32\WSOCK32.dll
0x00007ffe63210000 - 0x00007ffe63281000 	C:\WINDOWS\System32\WS2_32.dll
0x00007ffe59090000 - 0x00007ffe590c4000 	C:\WINDOWS\SYSTEM32\WINMM.dll
0x00007ffe600d0000 - 0x00007ffe600e8000 	C:\WINDOWS\SYSTEM32\kernel.appcore.dll
0x00007ffe34da0000 - 0x00007ffe34daa000 	C:\Users\GAMING\.jdks\openjdk-20.0.2\bin\jimage.dll
0x00007ffe57030000 - 0x00007ffe57263000 	C:\WINDOWS\SYSTEM32\DBGHELP.DLL
0x00007ffe634b0000 - 0x00007ffe63839000 	C:\WINDOWS\System32\combase.dll
0x00007ffe63840000 - 0x00007ffe63917000 	C:\WINDOWS\System32\OLEAUT32.dll
0x00007ffe475b0000 - 0x00007ffe475e2000 	C:\WINDOWS\SYSTEM32\dbgcore.DLL
0x00007ffe61ae0000 - 0x00007ffe61b5a000 	C:\WINDOWS\System32\bcryptPrimitives.dll
0x00007ffe5c980000 - 0x00007ffe5c98e000 	C:\Users\GAMING\.jdks\openjdk-20.0.2\bin\instrument.dll
0x00007ffe02740000 - 0x00007ffe02766000 	C:\Users\GAMING\.jdks\openjdk-20.0.2\bin\java.dll
0x00007ffdf72e0000 - 0x00007ffdf73b7000 	C:\Users\GAMING\.jdks\openjdk-20.0.2\bin\jsvml.dll
0x00007ffe5efe0000 - 0x00007ffe5f8d6000 	C:\WINDOWS\SYSTEM32\windows.storage.dll
0x00007ffe5eea0000 - 0x00007ffe5efde000 	C:\WINDOWS\SYSTEM32\wintypes.dll
0x00007ffe63ad0000 - 0x00007ffe63bc3000 	C:\WINDOWS\System32\SHCORE.dll
0x00007ffe610b0000 - 0x00007ffe610d6000 	C:\WINDOWS\SYSTEM32\profapi.dll
0x00007ffe01060000 - 0x00007ffe01078000 	C:\Users\GAMING\.jdks\openjdk-20.0.2\bin\zip.dll
0x00007ffe02720000 - 0x00007ffe02733000 	C:\Users\GAMING\.jdks\openjdk-20.0.2\bin\net.dll
0x00007ffe5a4b0000 - 0x00007ffe5a5e7000 	C:\WINDOWS\SYSTEM32\WINHTTP.dll
0x00007ffe60540000 - 0x00007ffe605a9000 	C:\WINDOWS\system32\mswsock.dll
0x00007ffe02630000 - 0x00007ffe02646000 	C:\Users\GAMING\.jdks\openjdk-20.0.2\bin\nio.dll
0x00007ffe596a0000 - 0x00007ffe596ba000 	C:\Users\GAMING\AppData\Local\JetBrains\Toolbox\apps\IDEA-C\ch-0\232.9559.62\bin\breakgen64.dll
0x00007ffe299e0000 - 0x00007ffe299e7000 	C:\Users\GAMING\.jdks\openjdk-20.0.2\bin\extnet.dll
0x00007ffe1be60000 - 0x00007ffe1bff0000 	C:\Users\GAMING\.jdks\openjdk-20.0.2\bin\awt.dll
0x00007ffe5e430000 - 0x00007ffe5e4c7000 	C:\WINDOWS\SYSTEM32\apphelp.dll
0x00007ffe5e600000 - 0x00007ffe5e6ab000 	C:\WINDOWS\system32\uxtheme.dll
0x00007ffe63bd0000 - 0x00007ffe63d20000 	C:\WINDOWS\System32\MSCTF.dll
0x00007ffe63310000 - 0x00007ffe634b0000 	C:\WINDOWS\System32\ole32.dll
0x00007ffe5e860000 - 0x00007ffe5e88b000 	C:\WINDOWS\system32\DWMAPI.DLL
0x00007ffe10390000 - 0x00007ffe10490000 	C:\WINDOWS\system32\opengl32.dll
0x00007ffe12260000 - 0x00007ffe1228d000 	C:\WINDOWS\SYSTEM32\GLU32.dll
0x00007ffe5e700000 - 0x00007ffe5e736000 	C:\WINDOWS\SYSTEM32\dxcore.dll
0x00007ffe4c2d0000 - 0x00007ffe4c479000 	C:\WINDOWS\system32\d3d9.dll
0x00007ffe56700000 - 0x00007ffe568bb000 	C:\WINDOWS\System32\DriverStore\FileRepository\u0391129.inf_amd64_7a819ad751ab7622\B390488\aticfx64.dll
0x00007ffe4f9d0000 - 0x00007ffe4fa04000 	C:\WINDOWS\System32\DriverStore\FileRepository\u0391129.inf_amd64_7a819ad751ab7622\B390488\atiu9p64.dll
0x00007ffdec680000 - 0x00007ffded3d5000 	C:\WINDOWS\System32\DriverStore\FileRepository\u0391129.inf_amd64_7a819ad751ab7622\B390488\atiumd64.dll
0x00000000652c0000 - 0x00000000661e8000 	C:\WINDOWS\System32\DriverStore\FileRepository\u0391129.inf_amd64_7a819ad751ab7622\B390488\atiumd6a.dll
0x00007ffe62450000 - 0x00007ffe628c4000 	C:\WINDOWS\System32\SETUPAPI.dll
0x00007ffe61050000 - 0x00007ffe6109d000 	C:\WINDOWS\SYSTEM32\POWRPROF.dll
0x00007ffe609d0000 - 0x00007ffe609f8000 	C:\WINDOWS\SYSTEM32\bcrypt.dll
0x00007ffe61030000 - 0x00007ffe61043000 	C:\WINDOWS\SYSTEM32\UMPDC.dll
0x00007ffe53730000 - 0x00007ffe53765000 	C:\WINDOWS\SYSTEM32\amdihk64.dll
0x00007ffe5a5f0000 - 0x00007ffe5a63a000 	C:\WINDOWS\SYSTEM32\directxdatabasehelper.dll
0x00007ffdeb630000 - 0x00007ffdec67c000 	C:\Users\GAMING\.skiko\0de0d8dd8554d9bb66cfca3837db6514ff9b71080e998917280a3b777460a416\skiko-windows-x64.dll
0x00007ffe3ec30000 - 0x00007ffe3ecb6000 	C:\Users\GAMING\.jdks\openjdk-20.0.2\bin\freetype.dll
0x00007ffe3ce40000 - 0x00007ffe3cf13000 	C:\Users\GAMING\.jdks\openjdk-20.0.2\bin\fontmanager.dll
0x00007ffe5c760000 - 0x00007ffe5c767000 	C:\Users\GAMING\.jdks\openjdk-20.0.2\bin\jawt.dll
0x00007ffe5e740000 - 0x00007ffe5e838000 	C:\WINDOWS\SYSTEM32\Dxgi.dll
0x00007ffe114b0000 - 0x00007ffe114d9000 	C:\WINDOWS\SYSTEM32\D3D12.dll
0x00007ffe1bc50000 - 0x00007ffe1be53000 	C:\WINDOWS\SYSTEM32\D3D12Core.dll
0x00007ffe60d30000 - 0x00007ffe60d7e000 	C:\WINDOWS\SYSTEM32\cfgmgr32.dll
0x00007ffde5040000 - 0x00007ffde837f000 	C:\WINDOWS\System32\DriverStore\FileRepository\u0391129.inf_amd64_7a819ad751ab7622\B390488\amdxc64.dll
0x00007ffe53090000 - 0x00007ffe530bf000 	C:\WINDOWS\SYSTEM32\D3DSCache.dll
0x00007ffe605f0000 - 0x00007ffe6061c000 	C:\WINDOWS\SYSTEM32\USERENV.dll
0x00007ffe56230000 - 0x00007ffe564b5000 	C:\WINDOWS\SYSTEM32\twinapi.appcore.dll
0x00007ffe5d010000 - 0x00007ffe5d283000 	C:\WINDOWS\SYSTEM32\dwrite.dll

dbghelp: loaded successfully - version: 4.0.5 - missing functions: none
symbol engine: initialized successfully - sym options: 0x614 - pdb path: .;C:\Users\GAMING\.jdks\openjdk-20.0.2\bin;C:\WINDOWS\SYSTEM32;C:\WINDOWS\WinSxS\amd64_microsoft.windows.common-controls_6595b64144ccf1df_6.0.22621.2506_none_270c5ae97388e100;C:\Program Files (x86)\360\Total Security\safemon;C:\Users\GAMING\.jdks\openjdk-20.0.2\bin\server;C:\Users\GAMING\AppData\Local\JetBrains\Toolbox\apps\IDEA-C\ch-0\232.9559.62\bin;C:\WINDOWS\System32\DriverStore\FileRepository\u0391129.inf_amd64_7a819ad751ab7622\B390488;C:\Users\GAMING\.skiko\0de0d8dd8554d9bb66cfca3837db6514ff9b71080e998917280a3b777460a416

VM Arguments:
jvm_args: -javaagent:C:\Users\GAMING\AppData\Local\JetBrains\Toolbox\apps\IDEA-C\ch-0\232.9559.62\lib\idea_rt.jar=63041:C:\Users\GAMING\AppData\Local\JetBrains\Toolbox\apps\IDEA-C\ch-0\232.9559.62\bin -Dfile.encoding=UTF-8 -Dsun.stdout.encoding=UTF-8 -Dsun.stderr.encoding=UTF-8 
java_command: MainKt
java_class_path (initial): C:\Users\GAMING\IdeaProjects\Julia\build\classes\kotlin\main;C:\Users\GAMING\.gradle\caches\modules-2\files-2.1\org.jetbrains.kotlin\kotlin-stdlib-jdk8\1.8.20\73576ddf378c5b4f1f6b449fe6b119b8183fc078\kotlin-stdlib-jdk8-1.8.20.jar;C:\Users\GAMING\.gradle\caches\modules-2\files-2.1\org.jetbrains.kotlin\kotlin-stdlib-jdk7\1.8.20\3aa51faf20aae8b31e1a4bc54f8370673d7b7df4\kotlin-stdlib-jdk7-1.8.20.jar;C:\Users\GAMING\.gradle\caches\modules-2\files-2.1\org.jetbrains.kotlin\kotlin-stdlib\1.8.20\e72fc5e03ec6c064c678a6bd0d955c88d55b0c4a\kotlin-stdlib-1.8.20.jar;C:\Users\GAMING\.gradle\caches\modules-2\files-2.1\org.jetbrains.compose.desktop\desktop-jvm\1.4.1\922ebea5ab9e202ee66ab4f4f567a74184eddbc1\desktop-jvm-1.4.1.jar;C:\Users\GAMING\.gradle\caches\modules-2\files-2.1\org.jetbrains.kotlin\kotlin-stdlib-common\1.8.20\5eddaaf234c8c49d03eebeb6a14feb7f90faca71\kotlin-stdlib-common-1.8.20.jar;C:\Users\GAMING\.gradle\caches\modules-2\files-2.1\org.jetbrains\annotations\13.0\919f0dfe192fb4e063e7dacadee7f8bb9a2672a9\annotations-13.0.jar;C:\Users\GAMING\.gradle\caches\modules-2\files-2.1\org.jetbrains.compose.material\material-desktop\1.4.1\f478f814ee2fb95aba5a206e48c33b912cc66ff1\material-desktop-1.4.1.jar;C:\Users\GAMING\.gradle\caches\modules-2\files-2.1\org.jetbrains.compose.foundation\foundation-desktop\1.4.1\3af50bcd26973491ed32b251d234fae55c0b3c97\foundation-desktop-1.4.1.jar;C:\Users\GAMING\.gradle\caches\modules-2\files-2.1\org.jetbrains.compose.ui\ui-desktop\1.4.1\5005c7404c035c267cac2ec8b9dd08ca65766a04\ui-desktop-1.4.1.jar;C:\Users\GAMING\.gradle\caches\modules-2\files-2.1\org.jetbrains.compose.ui\ui-tooling-preview-desktop\1.4.1\16e8e3a0dd0d52b5e4877a54bc345668ba23428d\ui-tooling-preview-desktop-1.4.1.jar;C:\Users\GAMING\.gradle\caches\modules-2\files-2.1\org.jetbrains.compose.runtime\runtime-desktop\1.4.1\b268d41542ceb3c8d5d101222c14330874c5d8e6\runtime-desktop-1.4.1.jar;C:\Users\GAMING\.gradle\caches\modules-2\files-2.1\org.jetbrains.compose.material\material-ripple-desktop\1.4.1\4c42972aefc0908954af022d213e4c6d00daf288\material-ripple-desktop-1.4.1.jar;C:\Users\GAMING\.gradle\caches\modules-2\files-2.1\org.jetbrains.compose.material\material-icons-core-desktop\1.4.1\26323c8bdd56b7587adb49ccde9b54f6c6d4f66c\material-icons-core-desktop-1.4.1.jar;C:\Users\GAMING\.gradle\caches\modules-2\files-2.1\org.jetbrains.compose.ui\ui-text-desktop\1.4.1\d8c913f93cf15ebd065996473e228c5353b0d94d\ui-text-desktop-1.4.1.jar;C:\Users\GAMING\.gradle\caches\modules-2\files-2.1\org.jetbrains.compose.animation\animation-core-desktop\1.4.1\44c90efd68332262293d06a2c07585cc7b9fa8b5\animation-core-desktop-1.4.1.jar;C:\Users\GAMING\.gradle\caches\modules-2\files-2.1\org.jetbrains.compose.animation\animation-desktop\1.4.1\1155347d9aa6281e0805cb5b9707ed7e89e345b1\animation-desktop-1.4.1.jar;C:\Users\GAMING\.gradle\caches\modules-2\files-2.1\org.jetbrains.skiko\skiko-awt\0.7.63\4da1aa9929b9cc7d10295db9d71aec62c34c7842\skiko-awt-0.7.63.jar;C:\Users\GAMING\.gradle\caches\modules-2\files-2.1\org.jetbrains.compose.ui\ui-graphics-desktop\1.4.1\3b05e5c92bb6a4e92266359905c7e0866fdcc3ea\ui-graphics-desktop-1.4.1.jar;C:\Users\GAMING\.gradle\caches\modules-2\files-2.1\org.jetbrains.compose.runtime\runtime-saveable-desktop\1.4.1\2bb14fd8fe4ab551a04330a4431187de2ecb1c2a\runtime-saveable-desktop-1.4.1.jar;C:\Users\GAMING\.gradle\caches\modules-2\files-2.1\org.jetbrains.compose.ui\ui-unit-desktop\1.4.1\ce79e803d4f0b33631c958f64ff36a7010580d16\ui-unit-desktop-1.4.1.jar;C:\Users\GAMING\.gradle\caches\modules-2\files-2.1\org.jetbrains.compose.ui\ui-geometry-desktop\1.4.1\81ea1ab414ba9926972708e9f4ca7ac499cd9137\ui-geometry-desktop-1.4.1.jar;C:\Users\GAMING\.gradle\caches\modules-2\files-2.1\org.jetbrains.kotlinx\kotlinx-coroutines-core-jvm\1.6.4\2c997cd1c0ef33f3e751d3831929aeff1390cb30\kotlinx-coroutines-core-jvm-1.6.4.jar;C:\Users\GAMING\.gradle\caches\modules-2\files-2.1\org.jetbrains.compose.foundation\foundation-layout-desktop\1.4.1\24afb95a5aa95d3fd0b7379ad7555931ce739f0c\foundation-layout-desktop-1.4.1.jar;C:\Users\GAMING\.gradle\caches\modules-2\files-2.1\org.jetbrains.skiko\skiko-awt-runtime-windows-x64\0.7.63\a1e930529804f43fff759466a08acdafcc8909a1\skiko-awt-runtime-windows-x64-0.7.63.jar;C:\Users\GAMING\.gradle\caches\modules-2\files-2.1\org.jetbrains.compose.ui\ui-util-desktop\1.4.1\3c3db20f77732f5874778c90cb589aba74ca81f3\ui-util-desktop-1.4.1.jar;C:\Users\GAMING\.gradle\caches\modules-2\files-2.1\org.jetbrains.kotlinx\atomicfu-jvm\0.17.0\d3d2e380b6ee28231118101d09ae6dd06a1db1cb\atomicfu-jvm-0.17.0.jar
Launcher Type: SUN_STANDARD

[Global flags]
     intx CICompilerCount                          = 4                                         {product} {ergonomic}
     uint ConcGCThreads                            = 3                                         {product} {ergonomic}
     uint G1ConcRefinementThreads                  = 10                                        {product} {ergonomic}
   size_t G1HeapRegionSize                         = 1048576                                   {product} {ergonomic}
    uintx GCDrainStackTargetSize                   = 64                                        {product} {ergonomic}
   size_t InitialHeapSize                          = 98566144                                  {product} {ergonomic}
   size_t MarkStackSize                            = 4194304                                   {product} {ergonomic}
   size_t MaxHeapSize                              = 1572864000                                {product} {ergonomic}
   size_t MaxNewSize                               = 943718400                                 {product} {ergonomic}
   size_t MinHeapDeltaBytes                        = 1048576                                   {product} {ergonomic}
   size_t MinHeapSize                              = 8388608                                   {product} {ergonomic}
    uintx NonNMethodCodeHeapSize                   = 5839372                                {pd product} {ergonomic}
    uintx NonProfiledCodeHeapSize                  = 122909434                              {pd product} {ergonomic}
    uintx ProfiledCodeHeapSize                     = 122909434                              {pd product} {ergonomic}
    uintx ReservedCodeCacheSize                    = 251658240                              {pd product} {ergonomic}
     bool SegmentedCodeCache                       = true                                      {product} {ergonomic}
   size_t SoftMaxHeapSize                          = 1572864000                             {manageable} {ergonomic}
     bool UseCompressedClassPointers               = true                           {product lp64_product} {ergonomic}
     bool UseCompressedOops                        = true                           {product lp64_product} {ergonomic}
     bool UseG1GC                                  = true                                      {product} {ergonomic}
     bool UseLargePagesIndividualAllocation        = false                                  {pd product} {ergonomic}

Logging:
Log output configuration:
 #0: stdout all=warning uptime,level,tags foldmultilines=false
 #1: stderr all=off uptime,level,tags foldmultilines=false

Environment Variables:
PATH=C:\Program Files (x86)\Common Files\Intel\Shared Libraries\redist\intel64_win\compiler;C:\Program Files (x86)\Common Files\Oracle\Java\javapath;C:\ProgramData\Oracle\Java\javapath;C:\Windows\system32;C:\Windows;C:\Windows\System32\Wbem;C:\Windows\System32\WindowsPowerShell\v1.0\;C:\Windows\System32\OpenSSH\;C:\Program Files\NVIDIA Corporation\NVIDIA NvDLISR;C:\Program Files (x86)\NVIDIA Corporation\PhysX\Common;C:\Program Files (x86)\AMD\ATI.ACE\Core-Static;C:\WINDOWS\system32;C:\WINDOWS;C:\WINDOWS\System32\Wbem;C:\WINDOWS\System32\WindowsPowerShell\v1.0\;C:\WINDOWS\System32\OpenSSH\;C:\Program Files\nodejs\;C:\WINDOWS\system32;C:\WINDOWS;C:\WINDOWS\System32\Wbem;C:\WINDOWS\System32\WindowsPowerShell\v1.0\;C:\WINDOWS\System32\OpenSSH\;C:\Program Files\dotnet\;C:\Strawberry\c\bin;C:\Strawberry\perl\site\bin;C:\Strawberry\perl\bin;C:\Program Files\Git\cmd;C:\Program Files\MySQL\MySQL Shell 8.0\bin\;C:\Users\GAMING\AppData\Local\Microsoft\WindowsApps;C:\Users\GAMING\AppData\Local\Programs\Microsoft VS Code\bin;C:\Users\GAMING\AppData\Roaming\npm;C:\Program Files\PostgreSQL\15\bin;C:\Users\GAMING\.dotnet\tools;C:\Users\GAMING\AppData\Local\Programs\MiKTeX\miktex\bin\x64\;C:\Users\GAMING\AppData\Local\JetBrains\Toolbox\scripts;
USERNAME=RAIL
OS=Windows_NT
PROCESSOR_IDENTIFIER=AMD64 Family 25 Model 80 Stepping 0, AuthenticAMD
TMP=C:\Users\GAMING\AppData\Local\Temp
TEMP=C:\Users\GAMING\AppData\Local\Temp




---------------  S Y S T E M  ---------------

OS:
 Windows 11 , 64 bit Build 22621 (10.0.22621.2506)
OS uptime: 1 days 6:57 hours
Hyper-V role detected

CPU: total 12 (initial active 12) (12 cores per cpu, 2 threads per core) family 25 model 80 stepping 0 microcode 0x0, cx8, cmov, fxsr, ht, mmx, 3dnowpref, sse, sse2, sse3, ssse3, sse4a, sse4.1, sse4.2, popcnt, lzcnt, tsc, tscinvbit, avx, avx2, aes, erms, clmul, bmi1, bmi2, adx, sha, fma, vzeroupper, clflush, clflushopt, hv, rdtscp, rdpid, fsrm, f16c, cet_ss

Memory: 4k page, system-wide physical 5996M (418M free)
TotalPageFile size 18222M (AvailPageFile size 2705M)
current process WorkingSet (physical memory assigned to process): 179M, peak: 179M
current process commit charge ("private bytes"): 311M, peak: 311M

vm_info: OpenJDK 64-Bit Server VM (20.0.2+9-78) for windows-amd64 JRE (20.0.2+9-78), built on 2023-06-14T10:08:48Z by "mach5one" with MS VC++ 17.1 (VS2022)

END.
